d:\vs_qt\x64\debug\mainwindow3.obj
d:\vs_qt\x64\debug\sceneloader.obj
d:\vs_qt\x64\debug\mainwindow2.obj
d:\vs_qt\x64\debug\mainwindow5.obj
d:\vs_qt\x64\debug\query.obj
d:\vs_qt\x64\debug\insert.obj
d:\vs_qt\x64\debug\main.obj
d:\vs_qt\x64\debug\signin.obj
d:\vs_qt\x64\debug\mainwindow4.obj
d:\vs_qt\x64\debug\mainwindow1.obj
d:\vs_qt\x64\debug\vc143.pdb
d:\vs_qt\x64\debug\qrc_mainwindow1.obj
d:\vs_qt\x64\debug\moc_insert.obj
d:\vs_qt\x64\debug\moc_mainwindow2.obj
d:\vs_qt\x64\debug\moc_sceneloader.obj
d:\vs_qt\x64\debug\moc_mainwindow1.obj
d:\vs_qt\x64\debug\moc_mainwindow4.obj
d:\vs_qt\x64\debug\moc_query.obj
d:\vs_qt\x64\debug\moc_signin.obj
d:\vs_qt\x64\debug\moc_mainwindow3.obj
d:\vs_qt\x64\debug\moc_mainwindow5.obj
d:\vs_qt\x64\debug\vs_qt.exe
d:\vs_qt\x64\debug\vs_qt.ilk
d:\vs_qt\x64\debug\vs_qt.pdb
d:\vs_qt\x64\debug\moc\moc_mainwindow1.cpp
d:\vs_qt\x64\debug\moc\moc_sceneloader.cpp
d:\vs_qt\x64\debug\moc\moc_signin.cpp
d:\vs_qt\x64\debug\moc\moc_mainwindow2.cpp
d:\vs_qt\x64\debug\moc\moc_query.cpp
d:\vs_qt\x64\debug\moc\moc_mainwindow3.cpp
d:\vs_qt\x64\debug\moc\moc_insert.cpp
d:\vs_qt\x64\debug\moc\moc_mainwindow4.cpp
d:\vs_qt\x64\debug\moc\moc_mainwindow5.cpp
d:\vs_qt\x64\debug\rcc\qrc_mainwindow1.cpp
d:\vs_qt\x64\debug\uic\ui_mainwindow4.h
d:\vs_qt\x64\debug\uic\ui_mainwindow1.h
d:\vs_qt\x64\debug\uic\ui_mainwindow2.h
d:\vs_qt\x64\debug\uic\ui_mainwindow3.h
d:\vs_qt\x64\debug\uic\ui_mainwindow5.h
d:\vs_qt\x64\debug\vs_qt.tlog\cl.command.1.tlog
d:\vs_qt\x64\debug\vs_qt.tlog\cl.items.tlog
d:\vs_qt\x64\debug\vs_qt.tlog\cl.read.1.tlog
d:\vs_qt\x64\debug\vs_qt.tlog\cl.write.1.tlog
d:\vs_qt\x64\debug\vs_qt.tlog\link.command.1.tlog
d:\vs_qt\x64\debug\vs_qt.tlog\link.read.1.tlog
d:\vs_qt\x64\debug\vs_qt.tlog\link.write.1.tlog
d:\vs_qt\x64\debug\vs_qt.tlog\moc.read.1u.tlog
d:\vs_qt\x64\debug\vs_qt.tlog\moc.write.1u.tlog
d:\vs_qt\x64\debug\vs_qt.tlog\rcc.read.1u.tlog
d:\vs_qt\x64\debug\vs_qt.tlog\rcc.write.1u.tlog
d:\vs_qt\x64\debug\vs_qt.tlog\uic.read.1u.tlog
d:\vs_qt\x64\debug\vs_qt.tlog\uic.write.1u.tlog
d:\vs_qt\x64\debug\vs_qt.tlog\vs_qt.write.1u.tlog
