  MainWindow4.cpp
  main.cpp
D:\qt6\6.5.2\msvc2019_64\include\QtCore\qtcoreexports.h(1,1): warning C4819: 该文件包含不能在当前代码页(936)中表示的字符。请将该文件保存为 Unicode 格式以防止数据丢失 (编译源文件 MainWindow4.cpp)
D:\qt6\6.5.2\msvc2019_64\include\QtCore\qtcoreexports.h(1,1): warning C4819: 该文件包含不能在当前代码页(936)中表示的字符。请将该文件保存为 Unicode 格式以防止数据丢失 (编译源文件 main.cpp)
D:\qt6\6.5.2\msvc2019_64\include\QtCore\qtcoreexports.h(1,1): warning C4819: 该文件包含不能在当前代码页(936)中表示的字符。请将该文件保存为 Unicode 格式以防止数据丢失 (编译源文件 MainWindow4.cpp)
D:\qt6\6.5.2\msvc2019_64\include\QtCore\qtcoreexports.h(1,1): warning C4819: 该文件包含不能在当前代码页(936)中表示的字符。请将该文件保存为 Unicode 格式以防止数据丢失 (编译源文件 main.cpp)
D:\qt6\6.5.2\msvc2019_64\include\QtCore\qtcoreexports.h(1,1): warning C4819: 该文件包含不能在当前代码页(936)中表示的字符。请将该文件保存为 Unicode 格式以防止数据丢失 (编译源文件 MainWindow4.cpp)
D:\qt6\6.5.2\msvc2019_64\include\QtCore\qtcoreexports.h(1,1): warning C4819: 该文件包含不能在当前代码页(936)中表示的字符。请将该文件保存为 Unicode 格式以防止数据丢失 (编译源文件 main.cpp)
D:\qt6\6.5.2\msvc2019_64\include\QtCore\qtcoreexports.h(1,1): warning C4819: 该文件包含不能在当前代码页(936)中表示的字符。请将该文件保存为 Unicode 格式以防止数据丢失 (编译源文件 MainWindow4.cpp)
D:\qt6\6.5.2\msvc2019_64\include\QtCore\qtcoreexports.h(1,1): warning C4819: 该文件包含不能在当前代码页(936)中表示的字符。请将该文件保存为 Unicode 格式以防止数据丢失 (编译源文件 main.cpp)
D:\qt6\6.5.2\msvc2019_64\include\QtCore\qtcoreexports.h(1,1): warning C4819: 该文件包含不能在当前代码页(936)中表示的字符。请将该文件保存为 Unicode 格式以防止数据丢失 (编译源文件 MainWindow4.cpp)
D:\qt6\6.5.2\msvc2019_64\include\QtCore\qtcoreexports.h(1,1): warning C4819: 该文件包含不能在当前代码页(936)中表示的字符。请将该文件保存为 Unicode 格式以防止数据丢失 (编译源文件 MainWindow4.cpp)
D:\qt6\6.5.2\msvc2019_64\include\QtCore\qtcoreexports.h(1,1): warning C4819: 该文件包含不能在当前代码页(936)中表示的字符。请将该文件保存为 Unicode 格式以防止数据丢失 (编译源文件 main.cpp)
D:\qt6\6.5.2\msvc2019_64\include\QtCore\qtcoreexports.h(1,1): warning C4819: 该文件包含不能在当前代码页(936)中表示的字符。请将该文件保存为 Unicode 格式以防止数据丢失 (编译源文件 main.cpp)
D:\qt6\6.5.2\msvc2019_64\include\QtGui\qtguiexports.h(1,1): warning C4819: 该文件包含不能在当前代码页(936)中表示的字符。请将该文件保存为 Unicode 格式以防止数据丢失 (编译源文件 main.cpp)
D:\qt6\6.5.2\msvc2019_64\include\QtWidgets\qtwidgetsexports.h(1,1): warning C4819: 该文件包含不能在当前代码页(936)中表示的字符。请将该文件保存为 Unicode 格式以防止数据丢失 (编译源文件 main.cpp)
D:\qt6\6.5.2\msvc2019_64\include\QtGui\qtguiexports.h(1,1): warning C4819: 该文件包含不能在当前代码页(936)中表示的字符。请将该文件保存为 Unicode 格式以防止数据丢失 (编译源文件 MainWindow4.cpp)
D:\qt6\6.5.2\msvc2019_64\include\QtWidgets\qtwidgetsexports.h(1,1): warning C4819: 该文件包含不能在当前代码页(936)中表示的字符。请将该文件保存为 Unicode 格式以防止数据丢失 (编译源文件 MainWindow4.cpp)
D:\qt6\6.5.2\msvc2019_64\include\QtNetwork\qtnetworkexports.h(1,1): warning C4819: 该文件包含不能在当前代码页(936)中表示的字符。请将该文件保存为 Unicode 格式以防止数据丢失 (编译源文件 main.cpp)
D:\qt6\6.5.2\msvc2019_64\include\QtNetwork\qtnetworkexports.h(1,1): warning C4819: 该文件包含不能在当前代码页(936)中表示的字符。请将该文件保存为 Unicode 格式以防止数据丢失 (编译源文件 MainWindow4.cpp)
  moc_MainWindow4.cpp
D:\qt6\6.5.2\msvc2019_64\include\QtCore\qtcoreexports.h(1,1): warning C4819: 该文件包含不能在当前代码页(936)中表示的字符。请将该文件保存为 Unicode 格式以防止数据丢失
D:\qt6\6.5.2\msvc2019_64\include\QtCore\qtcoreexports.h(1,1): warning C4819: 该文件包含不能在当前代码页(936)中表示的字符。请将该文件保存为 Unicode 格式以防止数据丢失
D:\qt6\6.5.2\msvc2019_64\include\QtCore\qtcoreexports.h(1,1): warning C4819: 该文件包含不能在当前代码页(936)中表示的字符。请将该文件保存为 Unicode 格式以防止数据丢失
D:\qt6\6.5.2\msvc2019_64\include\QtCore\qtcoreexports.h(1,1): warning C4819: 该文件包含不能在当前代码页(936)中表示的字符。请将该文件保存为 Unicode 格式以防止数据丢失
D:\qt6\6.5.2\msvc2019_64\include\QtCore\qtcoreexports.h(1,1): warning C4819: 该文件包含不能在当前代码页(936)中表示的字符。请将该文件保存为 Unicode 格式以防止数据丢失
D:\qt6\6.5.2\msvc2019_64\include\QtCore\qtcoreexports.h(1,1): warning C4819: 该文件包含不能在当前代码页(936)中表示的字符。请将该文件保存为 Unicode 格式以防止数据丢失
D:\qt6\6.5.2\msvc2019_64\include\QtGui\qtguiexports.h(1,1): warning C4819: 该文件包含不能在当前代码页(936)中表示的字符。请将该文件保存为 Unicode 格式以防止数据丢失
D:\qt6\6.5.2\msvc2019_64\include\QtWidgets\qtwidgetsexports.h(1,1): warning C4819: 该文件包含不能在当前代码页(936)中表示的字符。请将该文件保存为 Unicode 格式以防止数据丢失
D:\qt6\6.5.2\msvc2019_64\include\QtNetwork\qtnetworkexports.h(1,1): warning C4819: 该文件包含不能在当前代码页(936)中表示的字符。请将该文件保存为 Unicode 格式以防止数据丢失
  vs_qt.vcxproj -> D:\vs_qt\x64\Debug\vs_qt.exe
