d:\vs_qt\x64\release\moc\moc_mainwindow1.cpp
d:\vs_qt\x64\release\moc\moc_sceneloader.cpp
d:\vs_qt\x64\release\moc\moc_signin.cpp
d:\vs_qt\x64\release\moc\moc_mainwindow2.cpp
d:\vs_qt\x64\release\moc\moc_query.cpp
d:\vs_qt\x64\release\moc\moc_mainwindow3.cpp
d:\vs_qt\x64\release\moc\moc_insert.cpp
d:\vs_qt\x64\release\moc\moc_mainwindow4.cpp
d:\vs_qt\x64\release\moc\moc_mainwindow5.cpp
d:\vs_qt\x64\release\rcc\qrc_mainwindow1.cpp
d:\vs_qt\x64\release\uic\ui_mainwindow1.h
d:\vs_qt\x64\release\uic\ui_mainwindow2.h
d:\vs_qt\x64\release\uic\ui_mainwindow3.h
d:\vs_qt\x64\release\uic\ui_mainwindow4.h
d:\vs_qt\x64\release\uic\ui_mainwindow5.h
d:\vs_qt\x64\release\vs_qt.tlog\cl.command.1.tlog
d:\vs_qt\x64\release\vs_qt.tlog\moc.read.1u.tlog
d:\vs_qt\x64\release\vs_qt.tlog\moc.write.1u.tlog
d:\vs_qt\x64\release\vs_qt.tlog\rcc.read.1u.tlog
d:\vs_qt\x64\release\vs_qt.tlog\rcc.write.1u.tlog
d:\vs_qt\x64\release\vs_qt.tlog\uic.read.1u.tlog
d:\vs_qt\x64\release\vs_qt.tlog\uic.write.1u.tlog
d:\vs_qt\x64\release\vs_qt.tlog\vs_qt.write.1u.tlog
