  Reading Qt configuration (D:/qt6/6.5.2/msvc2019_64/bin/qmake)
  uic MainWindow1.ui
  uic MainWindow2.ui
  uic MainWindow3.ui
  uic MainWindow4.ui
  uic MainWindow5.ui
  rcc MainWindow1.qrc
  moc MainWindow1.h
  moc SceneLoader.h
  moc SignIn.h
  moc MainWindow2.h
  moc Query.h
  moc MainWindow3.h
  moc Insert.h
  moc MainWindow4.h
  moc MainWindow5.h
   RCC: Warning: No resources in 'D:\vs_qt\MainWindow1.qrc'.
  Insert.cpp
  MainWindow2.cpp
  MainWindow3.cpp
  MainWindow4.cpp
  MainWindow5.cpp
  Query.cpp
  SceneLoader.cpp
  SignIn.cpp
  MainWindow1.cpp
  main.cpp
D:\vs_qt\MainWindow2.cpp(1,1): warning C4828: 文件包含在偏移 0x2c7 处开始的字符，该字符在当前源字符集中无效(代码页 65001)。
D:\vs_qt\MainWindow2.cpp(1,1): warning C4828: 文件包含在偏移 0x2c8 处开始的字符，该字符在当前源字符集中无效(代码页 65001)。
D:\vs_qt\MainWindow2.cpp(1,1): warning C4828: 文件包含在偏移 0x2cb 处开始的字符，该字符在当前源字符集中无效(代码页 65001)。
D:\vs_qt\MainWindow2.cpp(1,1): warning C4828: 文件包含在偏移 0x2cc 处开始的字符，该字符在当前源字符集中无效(代码页 65001)。
D:\vs_qt\MainWindow3.cpp(1,1): warning C4828: 文件包含在偏移 0xd05 处开始的字符，该字符在当前源字符集中无效(代码页 65001)。
D:\vs_qt\MainWindow2.cpp(1,1): warning C4828: 文件包含在偏移 0x2d0 处开始的字符，该字符在当前源字符集中无效(代码页 65001)。
D:\vs_qt\MainWindow3.cpp(1,1): warning C4828: 文件包含在偏移 0xd06 处开始的字符，该字符在当前源字符集中无效(代码页 65001)。
D:\vs_qt\MainWindow2.cpp(1,1): warning C4828: 文件包含在偏移 0x2d1 处开始的字符，该字符在当前源字符集中无效(代码页 65001)。
D:\vs_qt\MainWindow3.cpp(1,1): warning C4828: 文件包含在偏移 0xd0b 处开始的字符，该字符在当前源字符集中无效(代码页 65001)。
D:\vs_qt\MainWindow2.cpp(1,1): warning C4828: 文件包含在偏移 0x2d2 处开始的字符，该字符在当前源字符集中无效(代码页 65001)。
D:\vs_qt\MainWindow3.cpp(1,1): warning C4828: 文件包含在偏移 0xd0e 处开始的字符，该字符在当前源字符集中无效(代码页 65001)。
D:\vs_qt\MainWindow3.cpp(1,1): warning C4828: 文件包含在偏移 0xd35 处开始的字符，该字符在当前源字符集中无效(代码页 65001)。
D:\vs_qt\MainWindow2.cpp(1,1): warning C4828: 文件包含在偏移 0x2d3 处开始的字符，该字符在当前源字符集中无效(代码页 65001)。
D:\vs_qt\MainWindow4.cpp(1,1): warning C4828: 文件包含在偏移 0x7f5 处开始的字符，该字符在当前源字符集中无效(代码页 65001)。
D:\vs_qt\MainWindow3.cpp(1,1): warning C4828: 文件包含在偏移 0xd37 处开始的字符，该字符在当前源字符集中无效(代码页 65001)。
D:\vs_qt\MainWindow3.cpp(1,1): warning C4828: 文件包含在偏移 0xd38 处开始的字符，该字符在当前源字符集中无效(代码页 65001)。
D:\vs_qt\MainWindow2.cpp(1,1): warning C4828: 文件包含在偏移 0x2d4 处开始的字符，该字符在当前源字符集中无效(代码页 65001)。
D:\vs_qt\MainWindow4.cpp(1,1): warning C4828: 文件包含在偏移 0x7f6 处开始的字符，该字符在当前源字符集中无效(代码页 65001)。
D:\vs_qt\MainWindow3.cpp(1,1): warning C4828: 文件包含在偏移 0xd3b 处开始的字符，该字符在当前源字符集中无效(代码页 65001)。
D:\vs_qt\MainWindow2.cpp(1,1): warning C4828: 文件包含在偏移 0x2d5 处开始的字符，该字符在当前源字符集中无效(代码页 65001)。
D:\vs_qt\MainWindow4.cpp(1,1): warning C4828: 文件包含在偏移 0x7fb 处开始的字符，该字符在当前源字符集中无效(代码页 65001)。
D:\vs_qt\MainWindow3.cpp(1,1): warning C4828: 文件包含在偏移 0xd3c 处开始的字符，该字符在当前源字符集中无效(代码页 65001)。
D:\vs_qt\MainWindow2.cpp(1,1): warning C4828: 文件包含在偏移 0x2d9 处开始的字符，该字符在当前源字符集中无效(代码页 65001)。
D:\vs_qt\MainWindow3.cpp(1,1): warning C4828: 文件包含在偏移 0xd3f 处开始的字符，该字符在当前源字符集中无效(代码页 65001)。
D:\vs_qt\MainWindow4.cpp(1,1): warning C4828: 文件包含在偏移 0x7fe 处开始的字符，该字符在当前源字符集中无效(代码页 65001)。
D:\vs_qt\MainWindow2.cpp(1,1): warning C4828: 文件包含在偏移 0x2da 处开始的字符，该字符在当前源字符集中无效(代码页 65001)。
D:\vs_qt\MainWindow3.cpp(1,1): warning C4828: 文件包含在偏移 0xd41 处开始的字符，该字符在当前源字符集中无效(代码页 65001)。
D:\vs_qt\MainWindow2.cpp(1,1): warning C4828: 文件包含在偏移 0x2db 处开始的字符，该字符在当前源字符集中无效(代码页 65001)。
D:\vs_qt\MainWindow4.cpp(1,1): warning C4828: 文件包含在偏移 0x825 处开始的字符，该字符在当前源字符集中无效(代码页 65001)。
D:\vs_qt\MainWindow2.cpp(1,1): warning C4828: 文件包含在偏移 0x2dc 处开始的字符，该字符在当前源字符集中无效(代码页 65001)。
D:\vs_qt\MainWindow3.cpp(1,1): warning C4828: 文件包含在偏移 0xd43 处开始的字符，该字符在当前源字符集中无效(代码页 65001)。
D:\vs_qt\MainWindow4.cpp(1,1): warning C4828: 文件包含在偏移 0x827 处开始的字符，该字符在当前源字符集中无效(代码页 65001)。
D:\vs_qt\MainWindow2.cpp(1,1): warning C4828: 文件包含在偏移 0x2df 处开始的字符，该字符在当前源字符集中无效(代码页 65001)。
D:\vs_qt\MainWindow3.cpp(1,1): warning C4828: 文件包含在偏移 0xd45 处开始的字符，该字符在当前源字符集中无效(代码页 65001)。
D:\vs_qt\MainWindow2.cpp(1,1): warning C4828: 文件包含在偏移 0x2e0 处开始的字符，该字符在当前源字符集中无效(代码页 65001)。
D:\vs_qt\MainWindow4.cpp(1,1): warning C4828: 文件包含在偏移 0x828 处开始的字符，该字符在当前源字符集中无效(代码页 65001)。
D:\vs_qt\MainWindow3.cpp(1,1): warning C4828: 文件包含在偏移 0xd46 处开始的字符，该字符在当前源字符集中无效(代码页 65001)。
D:\vs_qt\MainWindow2.cpp(1,1): warning C4828: 文件包含在偏移 0x2e4 处开始的字符，该字符在当前源字符集中无效(代码页 65001)。
D:\vs_qt\MainWindow3.cpp(1,1): warning C4828: 文件包含在偏移 0xd4f 处开始的字符，该字符在当前源字符集中无效(代码页 65001)。
D:\vs_qt\MainWindow4.cpp(1,1): warning C4828: 文件包含在偏移 0x82b 处开始的字符，该字符在当前源字符集中无效(代码页 65001)。
D:\vs_qt\MainWindow3.cpp(1,1): warning C4828: 文件包含在偏移 0xd50 处开始的字符，该字符在当前源字符集中无效(代码页 65001)。
D:\vs_qt\MainWindow2.cpp(1,1): warning C4828: 文件包含在偏移 0x2e6 处开始的字符，该字符在当前源字符集中无效(代码页 65001)。
D:\vs_qt\SignIn.cpp(1,1): warning C4828: 文件包含在偏移 0x3ce 处开始的字符，该字符在当前源字符集中无效(代码页 65001)。
D:\vs_qt\MainWindow4.cpp(1,1): warning C4828: 文件包含在偏移 0x82c 处开始的字符，该字符在当前源字符集中无效(代码页 65001)。
D:\vs_qt\MainWindow3.cpp(1,1): warning C4828: 文件包含在偏移 0xe73 处开始的字符，该字符在当前源字符集中无效(代码页 65001)。
D:\vs_qt\MainWindow2.cpp(1,1): warning C4828: 文件包含在偏移 0x2e8 处开始的字符，该字符在当前源字符集中无效(代码页 65001)。
D:\vs_qt\MainWindow4.cpp(1,1): warning C4828: 文件包含在偏移 0x82f 处开始的字符，该字符在当前源字符集中无效(代码页 65001)。
D:\vs_qt\SignIn.cpp(1,1): warning C4828: 文件包含在偏移 0x3cf 处开始的字符，该字符在当前源字符集中无效(代码页 65001)。
D:\vs_qt\MainWindow3.cpp(1,1): warning C4828: 文件包含在偏移 0xe74 处开始的字符，该字符在当前源字符集中无效(代码页 65001)。
D:\vs_qt\MainWindow4.cpp(1,1): warning C4828: 文件包含在偏移 0x831 处开始的字符，该字符在当前源字符集中无效(代码页 65001)。
D:\vs_qt\MainWindow2.cpp(1,1): warning C4828: 文件包含在偏移 0x2ea 处开始的字符，该字符在当前源字符集中无效(代码页 65001)。
D:\vs_qt\SignIn.cpp(1,1): warning C4828: 文件包含在偏移 0x3d0 处开始的字符，该字符在当前源字符集中无效(代码页 65001)。
D:\vs_qt\MainWindow3.cpp(1,1): warning C4828: 文件包含在偏移 0xe77 处开始的字符，该字符在当前源字符集中无效(代码页 65001)。
D:\vs_qt\SignIn.cpp(1,1): warning C4828: 文件包含在偏移 0x3d1 处开始的字符，该字符在当前源字符集中无效(代码页 65001)。
D:\vs_qt\MainWindow4.cpp(1,1): warning C4828: 文件包含在偏移 0x833 处开始的字符，该字符在当前源字符集中无效(代码页 65001)。
D:\vs_qt\MainWindow2.cpp(1,1): warning C4828: 文件包含在偏移 0x2eb 处开始的字符，该字符在当前源字符集中无效(代码页 65001)。
D:\vs_qt\MainWindow3.cpp(1,1): warning C4828: 文件包含在偏移 0xe78 处开始的字符，该字符在当前源字符集中无效(代码页 65001)。
D:\vs_qt\MainWindow1.cpp(1,1): warning C4828: 文件包含在偏移 0x309 处开始的字符，该字符在当前源字符集中无效(代码页 65001)。
D:\vs_qt\SignIn.cpp(1,1): warning C4828: 文件包含在偏移 0x3d2 处开始的字符，该字符在当前源字符集中无效(代码页 65001)。
D:\vs_qt\MainWindow2.cpp(1,1): warning C4828: 文件包含在偏移 0x2ef 处开始的字符，该字符在当前源字符集中无效(代码页 65001)。
D:\vs_qt\MainWindow4.cpp(1,1): warning C4828: 文件包含在偏移 0x835 处开始的字符，该字符在当前源字符集中无效(代码页 65001)。
D:\vs_qt\MainWindow3.cpp(1,1): warning C4828: 文件包含在偏移 0xe9f 处开始的字符，该字符在当前源字符集中无效(代码页 65001)。
D:\vs_qt\MainWindow4.cpp(1,1): warning C4828: 文件包含在偏移 0x836 处开始的字符，该字符在当前源字符集中无效(代码页 65001)。
D:\vs_qt\SignIn.cpp(1,1): warning C4828: 文件包含在偏移 0x3d4 处开始的字符，该字符在当前源字符集中无效(代码页 65001)。
D:\vs_qt\MainWindow1.cpp(1,1): warning C4828: 文件包含在偏移 0x30a 处开始的字符，该字符在当前源字符集中无效(代码页 65001)。
D:\vs_qt\MainWindow2.cpp(1,1): warning C4828: 文件包含在偏移 0x2f3 处开始的字符，该字符在当前源字符集中无效(代码页 65001)。
D:\vs_qt\MainWindow3.cpp(1,1): warning C4828: 文件包含在偏移 0xea0 处开始的字符，该字符在当前源字符集中无效(代码页 65001)。
D:\vs_qt\MainWindow4.cpp(1,1): warning C4828: 文件包含在偏移 0x83f 处开始的字符，该字符在当前源字符集中无效(代码页 65001)。
D:\vs_qt\SignIn.cpp(1,1): warning C4828: 文件包含在偏移 0x3d6 处开始的字符，该字符在当前源字符集中无效(代码页 65001)。
D:\vs_qt\MainWindow2.cpp(1,1): warning C4828: 文件包含在偏移 0x2f5 处开始的字符，该字符在当前源字符集中无效(代码页 65001)。
D:\vs_qt\MainWindow3.cpp(1,1): warning C4828: 文件包含在偏移 0xea3 处开始的字符，该字符在当前源字符集中无效(代码页 65001)。
D:\vs_qt\MainWindow1.cpp(1,1): warning C4828: 文件包含在偏移 0x30d 处开始的字符，该字符在当前源字符集中无效(代码页 65001)。
D:\vs_qt\MainWindow4.cpp(1,1): warning C4828: 文件包含在偏移 0x840 处开始的字符，该字符在当前源字符集中无效(代码页 65001)。
D:\vs_qt\MainWindow3.cpp(1,1): warning C4828: 文件包含在偏移 0xea6 处开始的字符，该字符在当前源字符集中无效(代码页 65001)。
D:\vs_qt\SignIn.cpp(1,1): warning C4828: 文件包含在偏移 0x3d7 处开始的字符，该字符在当前源字符集中无效(代码页 65001)。
D:\vs_qt\MainWindow2.cpp(1,1): warning C4828: 文件包含在偏移 0x2f6 处开始的字符，该字符在当前源字符集中无效(代码页 65001)。
D:\vs_qt\MainWindow1.cpp(1,1): warning C4828: 文件包含在偏移 0x30e 处开始的字符，该字符在当前源字符集中无效(代码页 65001)。
D:\vs_qt\SignIn.cpp(1,1): warning C4828: 文件包含在偏移 0x3d8 处开始的字符，该字符在当前源字符集中无效(代码页 65001)。
D:\vs_qt\MainWindow3.cpp(1,1): warning C4828: 文件包含在偏移 0xea7 处开始的字符，该字符在当前源字符集中无效(代码页 65001)。
D:\vs_qt\MainWindow4.cpp(1,1): warning C4828: 文件包含在偏移 0x963 处开始的字符，该字符在当前源字符集中无效(代码页 65001)。
D:\vs_qt\MainWindow1.cpp(1,1): warning C4828: 文件包含在偏移 0x310 处开始的字符，该字符在当前源字符集中无效(代码页 65001)。
D:\vs_qt\MainWindow2.cpp(1,1): warning C4828: 文件包含在偏移 0x2fa 处开始的字符，该字符在当前源字符集中无效(代码页 65001)。
D:\vs_qt\SignIn.cpp(1,1): warning C4828: 文件包含在偏移 0x3d9 处开始的字符，该字符在当前源字符集中无效(代码页 65001)。
D:\vs_qt\MainWindow4.cpp(1,1): warning C4828: 文件包含在偏移 0x964 处开始的字符，该字符在当前源字符集中无效(代码页 65001)。
D:\vs_qt\MainWindow3.cpp(1,1): warning C4828: 文件包含在偏移 0xea8 处开始的字符，该字符在当前源字符集中无效(代码页 65001)。
D:\vs_qt\SignIn.cpp(1,1): warning C4828: 文件包含在偏移 0x3da 处开始的字符，该字符在当前源字符集中无效(代码页 65001)。
D:\vs_qt\MainWindow1.cpp(1,1): warning C4828: 文件包含在偏移 0x311 处开始的字符，该字符在当前源字符集中无效(代码页 65001)。
D:\vs_qt\MainWindow2.cpp(1,1): warning C4828: 文件包含在偏移 0x2fc 处开始的字符，该字符在当前源字符集中无效(代码页 65001)。
D:\vs_qt\MainWindow4.cpp(1,1): warning C4828: 文件包含在偏移 0x967 处开始的字符，该字符在当前源字符集中无效(代码页 65001)。
D:\vs_qt\MainWindow2.cpp(1,1): warning C4828: 文件包含在偏移 0x2fd 处开始的字符，该字符在当前源字符集中无效(代码页 65001)。
D:\vs_qt\SignIn.cpp(1,1): warning C4828: 文件包含在偏移 0x3dd 处开始的字符，该字符在当前源字符集中无效(代码页 65001)。
D:\vs_qt\MainWindow4.cpp(1,1): warning C4828: 文件包含在偏移 0x968 处开始的字符，该字符在当前源字符集中无效(代码页 65001)。
D:\vs_qt\MainWindow1.cpp(1,1): warning C4828: 文件包含在偏移 0x312 处开始的字符，该字符在当前源字符集中无效(代码页 65001)。
D:\vs_qt\SignIn.cpp(1,1): warning C4828: 文件包含在偏移 0x3de 处开始的字符，该字符在当前源字符集中无效(代码页 65001)。
D:\vs_qt\MainWindow2.cpp(1,1): warning C4828: 文件包含在偏移 0x301 处开始的字符，该字符在当前源字符集中无效(代码页 65001)。
D:\vs_qt\MainWindow4.cpp(1,1): warning C4828: 文件包含在偏移 0x98f 处开始的字符，该字符在当前源字符集中无效(代码页 65001)。
D:\vs_qt\SignIn.cpp(1,1): warning C4828: 文件包含在偏移 0x3df 处开始的字符，该字符在当前源字符集中无效(代码页 65001)。
D:\vs_qt\MainWindow4.cpp(1,1): warning C4828: 文件包含在偏移 0x990 处开始的字符，该字符在当前源字符集中无效(代码页 65001)。
D:\vs_qt\MainWindow2.cpp(1,1): warning C4828: 文件包含在偏移 0x302 处开始的字符，该字符在当前源字符集中无效(代码页 65001)。
D:\vs_qt\MainWindow4.cpp(1,1): warning C4828: 文件包含在偏移 0x993 处开始的字符，该字符在当前源字符集中无效(代码页 65001)。
D:\vs_qt\MainWindow2.cpp(1,1): warning C4828: 文件包含在偏移 0x306 处开始的字符，该字符在当前源字符集中无效(代码页 65001)。
D:\vs_qt\MainWindow2.cpp(1,1): warning C4828: 文件包含在偏移 0x30c 处开始的字符，该字符在当前源字符集中无效(代码页 65001)。
D:\vs_qt\MainWindow4.cpp(1,1): warning C4828: 文件包含在偏移 0x996 处开始的字符，该字符在当前源字符集中无效(代码页 65001)。
D:\vs_qt\MainWindow4.cpp(1,1): warning C4828: 文件包含在偏移 0x997 处开始的字符，该字符在当前源字符集中无效(代码页 65001)。
D:\vs_qt\MainWindow2.cpp(1,1): warning C4828: 文件包含在偏移 0x30d 处开始的字符，该字符在当前源字符集中无效(代码页 65001)。
D:\vs_qt\MainWindow4.cpp(1,1): warning C4828: 文件包含在偏移 0x998 处开始的字符，该字符在当前源字符集中无效(代码页 65001)。
D:\vs_qt\MainWindow4.cpp(1,1): warning C4828: 文件包含在偏移 0xaba 处开始的字符，该字符在当前源字符集中无效(代码页 65001)。
D:\vs_qt\MainWindow2.cpp(1,1): warning C4828: 文件包含在偏移 0x313 处开始的字符，该字符在当前源字符集中无效(代码页 65001)。
D:\vs_qt\MainWindow4.cpp(1,1): warning C4828: 文件包含在偏移 0xabc 处开始的字符，该字符在当前源字符集中无效(代码页 65001)。
D:\vs_qt\MainWindow4.cpp(1,1): warning C4828: 文件包含在偏移 0xabd 处开始的字符，该字符在当前源字符集中无效(代码页 65001)。
D:\vs_qt\MainWindow2.cpp(1,1): warning C4828: 文件包含在偏移 0x315 处开始的字符，该字符在当前源字符集中无效(代码页 65001)。
D:\vs_qt\MainWindow4.cpp(1,1): warning C4828: 文件包含在偏移 0xae6 处开始的字符，该字符在当前源字符集中无效(代码页 65001)。
D:\vs_qt\MainWindow2.cpp(1,1): warning C4828: 文件包含在偏移 0x317 处开始的字符，该字符在当前源字符集中无效(代码页 65001)。
D:\vs_qt\MainWindow4.cpp(1,1): warning C4828: 文件包含在偏移 0xae7 处开始的字符，该字符在当前源字符集中无效(代码页 65001)。
D:\vs_qt\MainWindow2.cpp(1,1): warning C4828: 文件包含在偏移 0x319 处开始的字符，该字符在当前源字符集中无效(代码页 65001)。
D:\vs_qt\MainWindow4.cpp(1,1): warning C4828: 文件包含在偏移 0xaea 处开始的字符，该字符在当前源字符集中无效(代码页 65001)。
D:\vs_qt\MainWindow2.cpp(1,1): warning C4828: 文件包含在偏移 0x31c 处开始的字符，该字符在当前源字符集中无效(代码页 65001)。
D:\vs_qt\MainWindow4.cpp(1,1): warning C4828: 文件包含在偏移 0xaeb 处开始的字符，该字符在当前源字符集中无效(代码页 65001)。
D:\vs_qt\MainWindow2.cpp(1,1): warning C4828: 文件包含在偏移 0x322 处开始的字符，该字符在当前源字符集中无效(代码页 65001)。
D:\vs_qt\MainWindow4.cpp(1,1): warning C4828: 文件包含在偏移 0xaec 处开始的字符，该字符在当前源字符集中无效(代码页 65001)。
D:\vs_qt\MainWindow2.cpp(1,1): warning C4828: 文件包含在偏移 0x323 处开始的字符，该字符在当前源字符集中无效(代码页 65001)。
D:\vs_qt\MainWindow2.cpp(1,1): warning C4828: 文件包含在偏移 0x324 处开始的字符，该字符在当前源字符集中无效(代码页 65001)。
D:\vs_qt\MainWindow4.cpp(1,1): warning C4828: 文件包含在偏移 0xaef 处开始的字符，该字符在当前源字符集中无效(代码页 65001)。
D:\vs_qt\MainWindow2.cpp(1,1): warning C4828: 文件包含在偏移 0x326 处开始的字符，该字符在当前源字符集中无效(代码页 65001)。
D:\vs_qt\MainWindow4.cpp(1,1): warning C4828: 文件包含在偏移 0xaf2 处开始的字符，该字符在当前源字符集中无效(代码页 65001)。
D:\vs_qt\MainWindow2.cpp(1,1): warning C4828: 文件包含在偏移 0x327 处开始的字符，该字符在当前源字符集中无效(代码页 65001)。
D:\vs_qt\MainWindow4.cpp(1,1): warning C4828: 文件包含在偏移 0xaf5 处开始的字符，该字符在当前源字符集中无效(代码页 65001)。
D:\vs_qt\MainWindow2.cpp(1,1): warning C4828: 文件包含在偏移 0x32b 处开始的字符，该字符在当前源字符集中无效(代码页 65001)。
D:\vs_qt\MainWindow4.cpp(1,1): warning C4828: 文件包含在偏移 0xaf6 处开始的字符，该字符在当前源字符集中无效(代码页 65001)。
D:\vs_qt\MainWindow2.cpp(1,1): warning C4828: 文件包含在偏移 0x32c 处开始的字符，该字符在当前源字符集中无效(代码页 65001)。
D:\vs_qt\MainWindow4.cpp(1,1): warning C4828: 文件包含在偏移 0xaf8 处开始的字符，该字符在当前源字符集中无效(代码页 65001)。
D:\vs_qt\MainWindow2.cpp(1,1): warning C4828: 文件包含在偏移 0x330 处开始的字符，该字符在当前源字符集中无效(代码页 65001)。
D:\vs_qt\MainWindow4.cpp(1,1): warning C4828: 文件包含在偏移 0xafa 处开始的字符，该字符在当前源字符集中无效(代码页 65001)。
D:\vs_qt\MainWindow2.cpp(1,1): warning C4828: 文件包含在偏移 0x337 处开始的字符，该字符在当前源字符集中无效(代码页 65001)。
D:\vs_qt\MainWindow4.cpp(1,1): warning C4828: 文件包含在偏移 0xafd 处开始的字符，该字符在当前源字符集中无效(代码页 65001)。
D:\vs_qt\MainWindow4.cpp(1,1): warning C4828: 文件包含在偏移 0xb00 处开始的字符，该字符在当前源字符集中无效(代码页 65001)。
D:\vs_qt\MainWindow2.cpp(1,1): warning C4828: 文件包含在偏移 0x338 处开始的字符，该字符在当前源字符集中无效(代码页 65001)。
D:\vs_qt\MainWindow4.cpp(1,1): warning C4828: 文件包含在偏移 0xb01 处开始的字符，该字符在当前源字符集中无效(代码页 65001)。
D:\vs_qt\MainWindow2.cpp(1,1): warning C4828: 文件包含在偏移 0x348 处开始的字符，该字符在当前源字符集中无效(代码页 65001)。
D:\vs_qt\MainWindow2.cpp(1,1): warning C4828: 文件包含在偏移 0x349 处开始的字符，该字符在当前源字符集中无效(代码页 65001)。
D:\vs_qt\MainWindow2.cpp(1,1): warning C4828: 文件包含在偏移 0x34d 处开始的字符，该字符在当前源字符集中无效(代码页 65001)。
D:\vs_qt\MainWindow2.cpp(1,1): warning C4828: 文件包含在偏移 0x34e 处开始的字符，该字符在当前源字符集中无效(代码页 65001)。
D:\vs_qt\MainWindow2.cpp(1,1): warning C4828: 文件包含在偏移 0x34f 处开始的字符，该字符在当前源字符集中无效(代码页 65001)。
D:\vs_qt\MainWindow2.cpp(1,1): warning C4828: 文件包含在偏移 0x353 处开始的字符，该字符在当前源字符集中无效(代码页 65001)。
D:\vs_qt\MainWindow2.cpp(1,1): warning C4828: 文件包含在偏移 0x354 处开始的字符，该字符在当前源字符集中无效(代码页 65001)。
D:\vs_qt\MainWindow2.cpp(1,1): warning C4828: 文件包含在偏移 0x355 处开始的字符，该字符在当前源字符集中无效(代码页 65001)。
D:\vs_qt\MainWindow2.cpp(1,1): warning C4828: 文件包含在偏移 0x356 处开始的字符，该字符在当前源字符集中无效(代码页 65001)。
D:\vs_qt\MainWindow2.cpp(1,1): warning C4828: 文件包含在偏移 0x35d 处开始的字符，该字符在当前源字符集中无效(代码页 65001)。
D:\vs_qt\MainWindow2.cpp(1,1): warning C4828: 文件包含在偏移 0x35e 处开始的字符，该字符在当前源字符集中无效(代码页 65001)。
D:\vs_qt\MainWindow2.cpp(1,1): warning C4828: 文件包含在偏移 0x362 处开始的字符，该字符在当前源字符集中无效(代码页 65001)。
D:\vs_qt\MainWindow2.cpp(1,1): warning C4828: 文件包含在偏移 0x364 处开始的字符，该字符在当前源字符集中无效(代码页 65001)。
D:\vs_qt\MainWindow2.cpp(1,1): warning C4828: 文件包含在偏移 0x368 处开始的字符，该字符在当前源字符集中无效(代码页 65001)。
D:\vs_qt\MainWindow2.cpp(1,1): warning C4828: 文件包含在偏移 0x369 处开始的字符，该字符在当前源字符集中无效(代码页 65001)。
D:\vs_qt\MainWindow2.cpp(1,1): warning C4828: 文件包含在偏移 0x36a 处开始的字符，该字符在当前源字符集中无效(代码页 65001)。
D:\vs_qt\MainWindow2.cpp(1,1): warning C4828: 文件包含在偏移 0x36d 处开始的字符，该字符在当前源字符集中无效(代码页 65001)。
D:\vs_qt\MainWindow2.cpp(1,1): warning C4828: 文件包含在偏移 0x36e 处开始的字符，该字符在当前源字符集中无效(代码页 65001)。
D:\vs_qt\MainWindow2.cpp(1,1): warning C4828: 文件包含在偏移 0x36f 处开始的字符，该字符在当前源字符集中无效(代码页 65001)。
D:\vs_qt\MainWindow2.cpp(1,1): warning C4828: 文件包含在偏移 0x373 处开始的字符，该字符在当前源字符集中无效(代码页 65001)。
D:\vs_qt\MainWindow2.cpp(1,1): warning C4828: 文件包含在偏移 0x375 处开始的字符，该字符在当前源字符集中无效(代码页 65001)。
D:\vs_qt\MainWindow2.cpp(1,1): warning C4828: 文件包含在偏移 0x376 处开始的字符，该字符在当前源字符集中无效(代码页 65001)。
D:\vs_qt\MainWindow2.cpp(1,1): warning C4828: 文件包含在偏移 0x377 处开始的字符，该字符在当前源字符集中无效(代码页 65001)。
D:\vs_qt\MainWindow2.cpp(1,1): warning C4828: 文件包含在偏移 0x378 处开始的字符，该字符在当前源字符集中无效(代码页 65001)。
D:\vs_qt\MainWindow2.cpp(1,1): warning C4828: 文件包含在偏移 0x37c 处开始的字符，该字符在当前源字符集中无效(代码页 65001)。
D:\vs_qt\MainWindow2.cpp(1,1): warning C4828: 文件包含在偏移 0x37d 处开始的字符，该字符在当前源字符集中无效(代码页 65001)。
D:\vs_qt\MainWindow2.cpp(1,1): warning C4828: 文件包含在偏移 0x37e 处开始的字符，该字符在当前源字符集中无效(代码页 65001)。
D:\vs_qt\MainWindow2.cpp(1,1): warning C4828: 文件包含在偏移 0x383 处开始的字符，该字符在当前源字符集中无效(代码页 65001)。
D:\vs_qt\MainWindow2.cpp(1,1): warning C4828: 文件包含在偏移 0x384 处开始的字符，该字符在当前源字符集中无效(代码页 65001)。
D:\vs_qt\MainWindow2.cpp(1,1): warning C4828: 文件包含在偏移 0x385 处开始的字符，该字符在当前源字符集中无效(代码页 65001)。
D:\vs_qt\MainWindow2.cpp(1,1): warning C4828: 文件包含在偏移 0x386 处开始的字符，该字符在当前源字符集中无效(代码页 65001)。
D:\vs_qt\MainWindow2.cpp(1,1): warning C4828: 文件包含在偏移 0x38a 处开始的字符，该字符在当前源字符集中无效(代码页 65001)。
D:\vs_qt\MainWindow2.cpp(1,1): warning C4828: 文件包含在偏移 0x38b 处开始的字符，该字符在当前源字符集中无效(代码页 65001)。
D:\vs_qt\MainWindow2.cpp(1,1): warning C4828: 文件包含在偏移 0x38e 处开始的字符，该字符在当前源字符集中无效(代码页 65001)。
D:\vs_qt\MainWindow2.cpp(1,1): warning C4828: 文件包含在偏移 0x390 处开始的字符，该字符在当前源字符集中无效(代码页 65001)。
D:\vs_qt\MainWindow2.cpp(1,1): warning C4828: 文件包含在偏移 0x391 处开始的字符，该字符在当前源字符集中无效(代码页 65001)。
D:\vs_qt\MainWindow2.cpp(1,1): warning C4828: 文件包含在偏移 0x397 处开始的字符，该字符在当前源字符集中无效(代码页 65001)。
D:\vs_qt\MainWindow2.cpp(1,1): warning C4828: 文件包含在偏移 0x39c 处开始的字符，该字符在当前源字符集中无效(代码页 65001)。
D:\vs_qt\MainWindow2.cpp(1,1): warning C4828: 文件包含在偏移 0x39d 处开始的字符，该字符在当前源字符集中无效(代码页 65001)。
D:\vs_qt\MainWindow2.cpp(1,1): warning C4828: 文件包含在偏移 0x39e 处开始的字符，该字符在当前源字符集中无效(代码页 65001)。
D:\vs_qt\MainWindow2.cpp(1,1): warning C4828: 文件包含在偏移 0x3a3 处开始的字符，该字符在当前源字符集中无效(代码页 65001)。
D:\vs_qt\MainWindow2.cpp(1,1): warning C4828: 文件包含在偏移 0x3a5 处开始的字符，该字符在当前源字符集中无效(代码页 65001)。
D:\vs_qt\MainWindow2.cpp(1,1): warning C4828: 文件包含在偏移 0x3a7 处开始的字符，该字符在当前源字符集中无效(代码页 65001)。
D:\vs_qt\MainWindow2.cpp(1,1): warning C4828: 文件包含在偏移 0x3a8 处开始的字符，该字符在当前源字符集中无效(代码页 65001)。
D:\vs_qt\MainWindow2.cpp(1,1): warning C4828: 文件包含在偏移 0x3ac 处开始的字符，该字符在当前源字符集中无效(代码页 65001)。
D:\vs_qt\MainWindow2.cpp(1,1): warning C4828: 文件包含在偏移 0x3ad 处开始的字符，该字符在当前源字符集中无效(代码页 65001)。
D:\vs_qt\MainWindow2.cpp(1,1): warning C4828: 文件包含在偏移 0x3b0 处开始的字符，该字符在当前源字符集中无效(代码页 65001)。
D:\vs_qt\MainWindow2.cpp(1,1): warning C4828: 文件包含在偏移 0x3b1 处开始的字符，该字符在当前源字符集中无效(代码页 65001)。
D:\vs_qt\MainWindow2.cpp(1,1): warning C4828: 文件包含在偏移 0x3b2 处开始的字符，该字符在当前源字符集中无效(代码页 65001)。
D:\vs_qt\MainWindow2.cpp(1,1): warning C4828: 文件包含在偏移 0x3c1 处开始的字符，该字符在当前源字符集中无效(代码页 65001)。
D:\vs_qt\MainWindow2.cpp(1,1): warning C4828: 文件包含在偏移 0x3c3 处开始的字符，该字符在当前源字符集中无效(代码页 65001)。
D:\vs_qt\MainWindow2.cpp(1,1): warning C4828: 文件包含在偏移 0x3c4 处开始的字符，该字符在当前源字符集中无效(代码页 65001)。
D:\vs_qt\MainWindow2.cpp(1,1): warning C4828: 文件包含在偏移 0x3c7 处开始的字符，该字符在当前源字符集中无效(代码页 65001)。
D:\vs_qt\MainWindow2.cpp(1,1): warning C4828: 文件包含在偏移 0x3ce 处开始的字符，该字符在当前源字符集中无效(代码页 65001)。
D:\vs_qt\MainWindow2.cpp(1,1): warning C4828: 文件包含在偏移 0x3d0 处开始的字符，该字符在当前源字符集中无效(代码页 65001)。
D:\vs_qt\MainWindow2.cpp(1,1): warning C4828: 文件包含在偏移 0x3d1 处开始的字符，该字符在当前源字符集中无效(代码页 65001)。
D:\vs_qt\MainWindow2.cpp(1,1): warning C4828: 文件包含在偏移 0x3d4 处开始的字符，该字符在当前源字符集中无效(代码页 65001)。
D:\vs_qt\MainWindow2.cpp(1,1): warning C4828: 文件包含在偏移 0x3d5 处开始的字符，该字符在当前源字符集中无效(代码页 65001)。
D:\vs_qt\MainWindow2.cpp(1,1): warning C4828: 文件包含在偏移 0x3db 处开始的字符，该字符在当前源字符集中无效(代码页 65001)。
D:\vs_qt\MainWindow2.cpp(1,1): warning C4828: 文件包含在偏移 0x3dc 处开始的字符，该字符在当前源字符集中无效(代码页 65001)。
D:\vs_qt\MainWindow2.cpp(1,1): warning C4828: 文件包含在偏移 0x3e4 处开始的字符，该字符在当前源字符集中无效(代码页 65001)。
D:\vs_qt\MainWindow2.cpp(1,1): warning C4828: 文件包含在偏移 0x3e6 处开始的字符，该字符在当前源字符集中无效(代码页 65001)。
D:\vs_qt\MainWindow2.cpp(1,1): warning C4828: 文件包含在偏移 0x3e8 处开始的字符，该字符在当前源字符集中无效(代码页 65001)。
D:\vs_qt\MainWindow2.cpp(1,1): warning C4828: 文件包含在偏移 0x3ea 处开始的字符，该字符在当前源字符集中无效(代码页 65001)。
D:\vs_qt\MainWindow2.cpp(1,1): warning C4828: 文件包含在偏移 0x3eb 处开始的字符，该字符在当前源字符集中无效(代码页 65001)。
D:\vs_qt\MainWindow2.cpp(1,1): warning C4828: 文件包含在偏移 0x3ed 处开始的字符，该字符在当前源字符集中无效(代码页 65001)。
D:\vs_qt\MainWindow2.cpp(1,1): warning C4828: 文件包含在偏移 0x3f1 处开始的字符，该字符在当前源字符集中无效(代码页 65001)。
D:\vs_qt\MainWindow2.cpp(1,1): warning C4828: 文件包含在偏移 0x3f3 处开始的字符，该字符在当前源字符集中无效(代码页 65001)。
D:\vs_qt\MainWindow2.cpp(1,1): warning C4828: 文件包含在偏移 0x3f4 处开始的字符，该字符在当前源字符集中无效(代码页 65001)。
D:\vs_qt\MainWindow2.cpp(1,1): warning C4828: 文件包含在偏移 0x3f7 处开始的字符，该字符在当前源字符集中无效(代码页 65001)。
D:\vs_qt\MainWindow2.cpp(1,1): warning C4828: 文件包含在偏移 0x3f9 处开始的字符，该字符在当前源字符集中无效(代码页 65001)。
D:\vs_qt\MainWindow2.cpp(1,1): warning C4828: 文件包含在偏移 0x3fa 处开始的字符，该字符在当前源字符集中无效(代码页 65001)。
D:\vs_qt\MainWindow2.cpp(1,1): warning C4828: 文件包含在偏移 0x3fe 处开始的字符，该字符在当前源字符集中无效(代码页 65001)。
D:\vs_qt\MainWindow2.cpp(1,1): warning C4828: 文件包含在偏移 0x400 处开始的字符，该字符在当前源字符集中无效(代码页 65001)。
D:\vs_qt\MainWindow2.cpp(1,1): warning C4828: 文件包含在偏移 0x401 处开始的字符，该字符在当前源字符集中无效(代码页 65001)。
D:\vs_qt\MainWindow2.cpp(1,1): warning C4828: 文件包含在偏移 0x404 处开始的字符，该字符在当前源字符集中无效(代码页 65001)。
D:\vs_qt\MainWindow2.cpp(1,1): warning C4828: 文件包含在偏移 0x405 处开始的字符，该字符在当前源字符集中无效(代码页 65001)。
D:\vs_qt\MainWindow2.cpp(1,1): warning C4828: 文件包含在偏移 0x40b 处开始的字符，该字符在当前源字符集中无效(代码页 65001)。
D:\vs_qt\MainWindow2.cpp(1,1): warning C4828: 文件包含在偏移 0x40c 处开始的字符，该字符在当前源字符集中无效(代码页 65001)。
D:\vs_qt\MainWindow2.cpp(1,1): warning C4828: 文件包含在偏移 0x40f 处开始的字符，该字符在当前源字符集中无效(代码页 65001)。
D:\vs_qt\MainWindow2.cpp(1,1): warning C4828: 文件包含在偏移 0x410 处开始的字符，该字符在当前源字符集中无效(代码页 65001)。
D:\vs_qt\MainWindow2.cpp(1,1): warning C4828: 文件包含在偏移 0x414 处开始的字符，该字符在当前源字符集中无效(代码页 65001)。
D:\vs_qt\MainWindow2.cpp(1,1): warning C4828: 文件包含在偏移 0x416 处开始的字符，该字符在当前源字符集中无效(代码页 65001)。
D:\vs_qt\MainWindow2.cpp(1,1): warning C4828: 文件包含在偏移 0x418 处开始的字符，该字符在当前源字符集中无效(代码页 65001)。
D:\vs_qt\MainWindow2.cpp(1,1): warning C4828: 文件包含在偏移 0x41a 处开始的字符，该字符在当前源字符集中无效(代码页 65001)。
D:\vs_qt\MainWindow2.cpp(1,1): warning C4828: 文件包含在偏移 0x41d 处开始的字符，该字符在当前源字符集中无效(代码页 65001)。
D:\vs_qt\MainWindow2.cpp(1,1): warning C4828: 文件包含在偏移 0x42b 处开始的字符，该字符在当前源字符集中无效(代码页 65001)。
D:\vs_qt\MainWindow2.cpp(1,1): warning C4828: 文件包含在偏移 0x42d 处开始的字符，该字符在当前源字符集中无效(代码页 65001)。
D:\vs_qt\MainWindow2.cpp(1,1): warning C4828: 文件包含在偏移 0x42e 处开始的字符，该字符在当前源字符集中无效(代码页 65001)。
D:\vs_qt\MainWindow2.cpp(1,1): warning C4828: 文件包含在偏移 0x431 处开始的字符，该字符在当前源字符集中无效(代码页 65001)。
D:\vs_qt\MainWindow2.cpp(1,1): warning C4828: 文件包含在偏移 0x433 处开始的字符，该字符在当前源字符集中无效(代码页 65001)。
D:\vs_qt\MainWindow2.cpp(1,1): warning C4828: 文件包含在偏移 0x438 处开始的字符，该字符在当前源字符集中无效(代码页 65001)。
D:\vs_qt\MainWindow2.cpp(1,1): warning C4828: 文件包含在偏移 0x43a 处开始的字符，该字符在当前源字符集中无效(代码页 65001)。
D:\vs_qt\MainWindow2.cpp(1,1): warning C4828: 文件包含在偏移 0x43b 处开始的字符，该字符在当前源字符集中无效(代码页 65001)。
D:\vs_qt\MainWindow2.cpp(1,1): warning C4828: 文件包含在偏移 0x43e 处开始的字符，该字符在当前源字符集中无效(代码页 65001)。
D:\vs_qt\MainWindow2.cpp(1,1): warning C4828: 文件包含在偏移 0x43f 处开始的字符，该字符在当前源字符集中无效(代码页 65001)。
D:\vs_qt\MainWindow2.cpp(1,1): warning C4828: 文件包含在偏移 0x445 处开始的字符，该字符在当前源字符集中无效(代码页 65001)。
D:\vs_qt\MainWindow2.cpp(1,1): warning C4828: 文件包含在偏移 0x446 处开始的字符，该字符在当前源字符集中无效(代码页 65001)。
D:\vs_qt\MainWindow2.cpp(1,1): warning C4828: 文件包含在偏移 0x449 处开始的字符，该字符在当前源字符集中无效(代码页 65001)。
D:\vs_qt\MainWindow2.cpp(1,1): warning C4828: 文件包含在偏移 0x44e 处开始的字符，该字符在当前源字符集中无效(代码页 65001)。
D:\vs_qt\MainWindow2.cpp(1,1): warning C4828: 文件包含在偏移 0x450 处开始的字符，该字符在当前源字符集中无效(代码页 65001)。
D:\vs_qt\MainWindow2.cpp(1,1): warning C4828: 文件包含在偏移 0x452 处开始的字符，该字符在当前源字符集中无效(代码页 65001)。
D:\vs_qt\MainWindow2.cpp(1,1): warning C4828: 文件包含在偏移 0x454 处开始的字符，该字符在当前源字符集中无效(代码页 65001)。
D:\vs_qt\MainWindow2.cpp(1,1): warning C4828: 文件包含在偏移 0x455 处开始的字符，该字符在当前源字符集中无效(代码页 65001)。
D:\vs_qt\MainWindow2.cpp(1,1): warning C4828: 文件包含在偏移 0x457 处开始的字符，该字符在当前源字符集中无效(代码页 65001)。
D:\vs_qt\MainWindow2.cpp(1,1): warning C4828: 文件包含在偏移 0x45b 处开始的字符，该字符在当前源字符集中无效(代码页 65001)。
D:\vs_qt\MainWindow2.cpp(1,1): warning C4828: 文件包含在偏移 0x45d 处开始的字符，该字符在当前源字符集中无效(代码页 65001)。
D:\vs_qt\MainWindow2.cpp(1,1): warning C4828: 文件包含在偏移 0x45e 处开始的字符，该字符在当前源字符集中无效(代码页 65001)。
D:\vs_qt\MainWindow2.cpp(1,1): warning C4828: 文件包含在偏移 0x461 处开始的字符，该字符在当前源字符集中无效(代码页 65001)。
D:\vs_qt\MainWindow2.cpp(1,1): warning C4828: 文件包含在偏移 0x463 处开始的字符，该字符在当前源字符集中无效(代码页 65001)。
D:\vs_qt\MainWindow2.cpp(1,1): warning C4828: 文件包含在偏移 0x468 处开始的字符，该字符在当前源字符集中无效(代码页 65001)。
D:\vs_qt\MainWindow2.cpp(1,1): warning C4828: 文件包含在偏移 0x46a 处开始的字符，该字符在当前源字符集中无效(代码页 65001)。
D:\vs_qt\MainWindow2.cpp(1,1): warning C4828: 文件包含在偏移 0x46b 处开始的字符，该字符在当前源字符集中无效(代码页 65001)。
D:\vs_qt\MainWindow2.cpp(1,1): warning C4828: 文件包含在偏移 0x46e 处开始的字符，该字符在当前源字符集中无效(代码页 65001)。
D:\vs_qt\MainWindow2.cpp(1,1): warning C4828: 文件包含在偏移 0x46f 处开始的字符，该字符在当前源字符集中无效(代码页 65001)。
D:\vs_qt\MainWindow2.cpp(1,1): warning C4828: 文件包含在偏移 0x475 处开始的字符，该字符在当前源字符集中无效(代码页 65001)。
D:\vs_qt\MainWindow2.cpp(1,1): warning C4828: 文件包含在偏移 0x476 处开始的字符，该字符在当前源字符集中无效(代码页 65001)。
D:\vs_qt\MainWindow2.cpp(1,1): warning C4828: 文件包含在偏移 0x479 处开始的字符，该字符在当前源字符集中无效(代码页 65001)。
D:\vs_qt\MainWindow2.cpp(1,1): warning C4828: 文件包含在偏移 0x47e 处开始的字符，该字符在当前源字符集中无效(代码页 65001)。
D:\vs_qt\MainWindow2.cpp(1,1): warning C4828: 文件包含在偏移 0x480 处开始的字符，该字符在当前源字符集中无效(代码页 65001)。
D:\vs_qt\MainWindow2.cpp(1,1): warning C4828: 文件包含在偏移 0x482 处开始的字符，该字符在当前源字符集中无效(代码页 65001)。
D:\vs_qt\MainWindow2.cpp(1,1): warning C4828: 文件包含在偏移 0x484 处开始的字符，该字符在当前源字符集中无效(代码页 65001)。
D:\vs_qt\MainWindow2.cpp(1,1): warning C4828: 文件包含在偏移 0x485 处开始的字符，该字符在当前源字符集中无效(代码页 65001)。
D:\vs_qt\MainWindow2.cpp(1,1): warning C4828: 文件包含在偏移 0x487 处开始的字符，该字符在当前源字符集中无效(代码页 65001)。
D:\vs_qt\MainWindow2.cpp(1,1): warning C4828: 文件包含在偏移 0x495 处开始的字符，该字符在当前源字符集中无效(代码页 65001)。
D:\vs_qt\MainWindow2.cpp(1,1): warning C4828: 文件包含在偏移 0x497 处开始的字符，该字符在当前源字符集中无效(代码页 65001)。
D:\vs_qt\MainWindow2.cpp(1,1): warning C4828: 文件包含在偏移 0x498 处开始的字符，该字符在当前源字符集中无效(代码页 65001)。
D:\vs_qt\MainWindow2.cpp(1,1): warning C4828: 文件包含在偏移 0x49b 处开始的字符，该字符在当前源字符集中无效(代码页 65001)。
D:\vs_qt\MainWindow2.cpp(1,1): warning C4828: 文件包含在偏移 0x49d 处开始的字符，该字符在当前源字符集中无效(代码页 65001)。
D:\vs_qt\MainWindow2.cpp(1,1): warning C4828: 文件包含在偏移 0x4a2 处开始的字符，该字符在当前源字符集中无效(代码页 65001)。
D:\vs_qt\MainWindow2.cpp(1,1): warning C4828: 文件包含在偏移 0x4a4 处开始的字符，该字符在当前源字符集中无效(代码页 65001)。
D:\vs_qt\MainWindow2.cpp(1,1): warning C4828: 文件包含在偏移 0x4a5 处开始的字符，该字符在当前源字符集中无效(代码页 65001)。
D:\vs_qt\MainWindow2.cpp(1,1): warning C4828: 文件包含在偏移 0x4a8 处开始的字符，该字符在当前源字符集中无效(代码页 65001)。
D:\vs_qt\MainWindow2.cpp(1,1): warning C4828: 文件包含在偏移 0x4a9 处开始的字符，该字符在当前源字符集中无效(代码页 65001)。
D:\vs_qt\MainWindow2.cpp(1,1): warning C4828: 文件包含在偏移 0x4af 处开始的字符，该字符在当前源字符集中无效(代码页 65001)。
D:\vs_qt\MainWindow2.cpp(1,1): warning C4828: 文件包含在偏移 0x4b0 处开始的字符，该字符在当前源字符集中无效(代码页 65001)。
D:\vs_qt\MainWindow2.cpp(1,1): warning C4828: 文件包含在偏移 0x4b3 处开始的字符，该字符在当前源字符集中无效(代码页 65001)。
D:\vs_qt\MainWindow2.cpp(1,1): warning C4828: 文件包含在偏移 0x4b8 处开始的字符，该字符在当前源字符集中无效(代码页 65001)。
D:\vs_qt\MainWindow2.cpp(1,1): warning C4828: 文件包含在偏移 0x4ba 处开始的字符，该字符在当前源字符集中无效(代码页 65001)。
D:\vs_qt\MainWindow2.cpp(1,1): warning C4828: 文件包含在偏移 0x4bc 处开始的字符，该字符在当前源字符集中无效(代码页 65001)。
D:\vs_qt\MainWindow2.cpp(1,1): warning C4828: 文件包含在偏移 0x4be 处开始的字符，该字符在当前源字符集中无效(代码页 65001)。
D:\vs_qt\MainWindow2.cpp(1,1): warning C4828: 文件包含在偏移 0x4bf 处开始的字符，该字符在当前源字符集中无效(代码页 65001)。
D:\vs_qt\MainWindow2.cpp(1,1): warning C4828: 文件包含在偏移 0x4c1 处开始的字符，该字符在当前源字符集中无效(代码页 65001)。
D:\vs_qt\MainWindow2.cpp(1,1): warning C4828: 文件包含在偏移 0x4c7 处开始的字符，该字符在当前源字符集中无效(代码页 65001)。
D:\vs_qt\MainWindow2.cpp(1,1): warning C4828: 文件包含在偏移 0x4c9 处开始的字符，该字符在当前源字符集中无效(代码页 65001)。
D:\vs_qt\MainWindow2.cpp(1,1): warning C4828: 文件包含在偏移 0x4ca 处开始的字符，该字符在当前源字符集中无效(代码页 65001)。
D:\vs_qt\MainWindow2.cpp(1,1): warning C4828: 文件包含在偏移 0x4cd 处开始的字符，该字符在当前源字符集中无效(代码页 65001)。
D:\vs_qt\MainWindow2.cpp(1,1): warning C4828: 文件包含在偏移 0x4ce 处开始的字符，该字符在当前源字符集中无效(代码页 65001)。
D:\vs_qt\MainWindow2.cpp(1,1): warning C4828: 文件包含在偏移 0x4d2 处开始的字符，该字符在当前源字符集中无效(代码页 65001)。
D:\vs_qt\MainWindow2.cpp(1,1): warning C4828: 文件包含在偏移 0x4d3 处开始的字符，该字符在当前源字符集中无效(代码页 65001)。
D:\vs_qt\MainWindow2.cpp(1,1): warning C4828: 文件包含在偏移 0x4d4 处开始的字符，该字符在当前源字符集中无效(代码页 65001)。
D:\vs_qt\MainWindow2.cpp(1,1): warning C4828: 文件包含在偏移 0x4d5 处开始的字符，该字符在当前源字符集中无效(代码页 65001)。
D:\vs_qt\MainWindow2.cpp(1,1): warning C4828: 文件包含在偏移 0x4d8 处开始的字符，该字符在当前源字符集中无效(代码页 65001)。
D:\vs_qt\MainWindow2.cpp(1,1): warning C4828: 文件包含在偏移 0x4df 处开始的字符，该字符在当前源字符集中无效(代码页 65001)。
D:\vs_qt\MainWindow2.cpp(1,1): warning C4828: 文件包含在偏移 0x4e1 处开始的字符，该字符在当前源字符集中无效(代码页 65001)。
D:\vs_qt\MainWindow2.cpp(1,1): warning C4828: 文件包含在偏移 0x4e2 处开始的字符，该字符在当前源字符集中无效(代码页 65001)。
D:\vs_qt\MainWindow2.cpp(1,1): warning C4828: 文件包含在偏移 0x4ea 处开始的字符，该字符在当前源字符集中无效(代码页 65001)。
D:\vs_qt\MainWindow2.cpp(1,1): warning C4828: 文件包含在偏移 0x4eb 处开始的字符，该字符在当前源字符集中无效(代码页 65001)。
D:\vs_qt\MainWindow2.cpp(1,1): warning C4828: 文件包含在偏移 0x4ec 处开始的字符，该字符在当前源字符集中无效(代码页 65001)。
D:\vs_qt\MainWindow2.cpp(1,1): warning C4828: 文件包含在偏移 0x4ed 处开始的字符，该字符在当前源字符集中无效(代码页 65001)。
D:\vs_qt\MainWindow2.cpp(1,1): warning C4828: 文件包含在偏移 0x4f0 处开始的字符，该字符在当前源字符集中无效(代码页 65001)。
D:\vs_qt\MainWindow2.cpp(1,1): warning C4828: 文件包含在偏移 0x4f1 处开始的字符，该字符在当前源字符集中无效(代码页 65001)。
D:\vs_qt\MainWindow2.cpp(1,1): warning C4828: 文件包含在偏移 0x4f7 处开始的字符，该字符在当前源字符集中无效(代码页 65001)。
D:\vs_qt\MainWindow2.cpp(1,1): warning C4828: 文件包含在偏移 0x4f8 处开始的字符，该字符在当前源字符集中无效(代码页 65001)。
D:\vs_qt\MainWindow2.cpp(1,1): warning C4828: 文件包含在偏移 0x4f9 处开始的字符，该字符在当前源字符集中无效(代码页 65001)。
D:\vs_qt\MainWindow2.cpp(1,1): warning C4828: 文件包含在偏移 0x4fa 处开始的字符，该字符在当前源字符集中无效(代码页 65001)。
D:\vs_qt\MainWindow2.cpp(1,1): warning C4828: 文件包含在偏移 0x4fd 处开始的字符，该字符在当前源字符集中无效(代码页 65001)。
D:\vs_qt\MainWindow2.cpp(1,1): warning C4828: 文件包含在偏移 0x4ff 处开始的字符，该字符在当前源字符集中无效(代码页 65001)。
D:\vs_qt\MainWindow2.cpp(1,1): warning C4828: 文件包含在偏移 0x500 处开始的字符，该字符在当前源字符集中无效(代码页 65001)。
D:\vs_qt\MainWindow2.cpp(1,1): warning C4828: 文件包含在偏移 0x504 处开始的字符，该字符在当前源字符集中无效(代码页 65001)。
D:\vs_qt\MainWindow2.cpp(1,1): warning C4828: 文件包含在偏移 0x506 处开始的字符，该字符在当前源字符集中无效(代码页 65001)。
D:\vs_qt\MainWindow2.cpp(1,1): warning C4828: 文件包含在偏移 0x507 处开始的字符，该字符在当前源字符集中无效(代码页 65001)。
D:\vs_qt\MainWindow2.cpp(1,1): warning C4828: 文件包含在偏移 0x50a 处开始的字符，该字符在当前源字符集中无效(代码页 65001)。
D:\vs_qt\MainWindow2.cpp(1,1): warning C4828: 文件包含在偏移 0x50b 处开始的字符，该字符在当前源字符集中无效(代码页 65001)。
D:\vs_qt\MainWindow2.cpp(1,1): warning C4828: 文件包含在偏移 0x50f 处开始的字符，该字符在当前源字符集中无效(代码页 65001)。
D:\vs_qt\MainWindow2.cpp(1,1): warning C4828: 文件包含在偏移 0x510 处开始的字符，该字符在当前源字符集中无效(代码页 65001)。
D:\vs_qt\MainWindow2.cpp(1,1): warning C4828: 文件包含在偏移 0x511 处开始的字符，该字符在当前源字符集中无效(代码页 65001)。
D:\vs_qt\MainWindow2.cpp(1,1): warning C4828: 文件包含在偏移 0x512 处开始的字符，该字符在当前源字符集中无效(代码页 65001)。
D:\vs_qt\MainWindow2.cpp(1,1): warning C4828: 文件包含在偏移 0x515 处开始的字符，该字符在当前源字符集中无效(代码页 65001)。
D:\vs_qt\MainWindow2.cpp(1,1): warning C4828: 文件包含在偏移 0x516 处开始的字符，该字符在当前源字符集中无效(代码页 65001)。
D:\vs_qt\MainWindow2.cpp(1,1): warning C4828: 文件包含在偏移 0x526 处开始的字符，该字符在当前源字符集中无效(代码页 65001)。
D:\vs_qt\MainWindow2.cpp(1,1): warning C4828: 文件包含在偏移 0x527 处开始的字符，该字符在当前源字符集中无效(代码页 65001)。
D:\vs_qt\MainWindow2.cpp(1,1): warning C4828: 文件包含在偏移 0x528 处开始的字符，该字符在当前源字符集中无效(代码页 65001)。
D:\vs_qt\MainWindow2.cpp(1,1): warning C4828: 文件包含在偏移 0x529 处开始的字符，该字符在当前源字符集中无效(代码页 65001)。
D:\vs_qt\MainWindow2.cpp(1,1): warning C4828: 文件包含在偏移 0x52c 处开始的字符，该字符在当前源字符集中无效(代码页 65001)。
D:\vs_qt\MainWindow2.cpp(1,1): warning C4828: 文件包含在偏移 0x52e 处开始的字符，该字符在当前源字符集中无效(代码页 65001)。
D:\vs_qt\MainWindow2.cpp(1,1): warning C4828: 文件包含在偏移 0x533 处开始的字符，该字符在当前源字符集中无效(代码页 65001)。
D:\vs_qt\MainWindow2.cpp(1,1): warning C4828: 文件包含在偏移 0x535 处开始的字符，该字符在当前源字符集中无效(代码页 65001)。
D:\vs_qt\MainWindow2.cpp(1,1): warning C4828: 文件包含在偏移 0x536 处开始的字符，该字符在当前源字符集中无效(代码页 65001)。
D:\vs_qt\MainWindow2.cpp(1,1): warning C4828: 文件包含在偏移 0x539 处开始的字符，该字符在当前源字符集中无效(代码页 65001)。
D:\vs_qt\MainWindow2.cpp(1,1): warning C4828: 文件包含在偏移 0x53e 处开始的字符，该字符在当前源字符集中无效(代码页 65001)。
D:\vs_qt\MainWindow2.cpp(1,1): warning C4828: 文件包含在偏移 0x53f 处开始的字符，该字符在当前源字符集中无效(代码页 65001)。
D:\vs_qt\MainWindow2.cpp(1,1): warning C4828: 文件包含在偏移 0x540 处开始的字符，该字符在当前源字符集中无效(代码页 65001)。
D:\vs_qt\MainWindow2.cpp(1,1): warning C4828: 文件包含在偏移 0x541 处开始的字符，该字符在当前源字符集中无效(代码页 65001)。
D:\vs_qt\MainWindow2.cpp(1,1): warning C4828: 文件包含在偏移 0x544 处开始的字符，该字符在当前源字符集中无效(代码页 65001)。
D:\vs_qt\MainWindow2.cpp(1,1): warning C4828: 文件包含在偏移 0x545 处开始的字符，该字符在当前源字符集中无效(代码页 65001)。
D:\vs_qt\MainWindow2.cpp(1,1): warning C4828: 文件包含在偏移 0x54b 处开始的字符，该字符在当前源字符集中无效(代码页 65001)。
D:\vs_qt\MainWindow2.cpp(1,1): warning C4828: 文件包含在偏移 0x54c 处开始的字符，该字符在当前源字符集中无效(代码页 65001)。
D:\vs_qt\MainWindow2.cpp(1,1): warning C4828: 文件包含在偏移 0x54d 处开始的字符，该字符在当前源字符集中无效(代码页 65001)。
D:\vs_qt\MainWindow2.cpp(1,1): warning C4828: 文件包含在偏移 0x54e 处开始的字符，该字符在当前源字符集中无效(代码页 65001)。
D:\vs_qt\MainWindow2.cpp(1,1): warning C4828: 文件包含在偏移 0x551 处开始的字符，该字符在当前源字符集中无效(代码页 65001)。
D:\vs_qt\MainWindow2.cpp(1,1): warning C4828: 文件包含在偏移 0x553 处开始的字符，该字符在当前源字符集中无效(代码页 65001)。
D:\vs_qt\MainWindow2.cpp(1,1): warning C4828: 文件包含在偏移 0x558 处开始的字符，该字符在当前源字符集中无效(代码页 65001)。
D:\vs_qt\MainWindow2.cpp(1,1): warning C4828: 文件包含在偏移 0x55a 处开始的字符，该字符在当前源字符集中无效(代码页 65001)。
D:\vs_qt\MainWindow2.cpp(1,1): warning C4828: 文件包含在偏移 0x55b 处开始的字符，该字符在当前源字符集中无效(代码页 65001)。
D:\vs_qt\MainWindow2.cpp(1,1): warning C4828: 文件包含在偏移 0x55e 处开始的字符，该字符在当前源字符集中无效(代码页 65001)。
D:\vs_qt\MainWindow2.cpp(1,1): warning C4828: 文件包含在偏移 0x563 处开始的字符，该字符在当前源字符集中无效(代码页 65001)。
D:\vs_qt\MainWindow2.cpp(1,1): warning C4828: 文件包含在偏移 0x564 处开始的字符，该字符在当前源字符集中无效(代码页 65001)。
D:\vs_qt\MainWindow2.cpp(1,1): warning C4828: 文件包含在偏移 0x565 处开始的字符，该字符在当前源字符集中无效(代码页 65001)。
D:\vs_qt\MainWindow2.cpp(1,1): warning C4828: 文件包含在偏移 0x566 处开始的字符，该字符在当前源字符集中无效(代码页 65001)。
D:\vs_qt\MainWindow2.cpp(1,1): warning C4828: 文件包含在偏移 0x569 处开始的字符，该字符在当前源字符集中无效(代码页 65001)。
D:\vs_qt\MainWindow2.cpp(1,1): warning C4828: 文件包含在偏移 0x56a 处开始的字符，该字符在当前源字符集中无效(代码页 65001)。
D:\vs_qt\MainWindow2.cpp(1,1): warning C4828: 文件包含在偏移 0x570 处开始的字符，该字符在当前源字符集中无效(代码页 65001)。
D:\vs_qt\MainWindow2.cpp(1,1): warning C4828: 文件包含在偏移 0x571 处开始的字符，该字符在当前源字符集中无效(代码页 65001)。
D:\vs_qt\MainWindow2.cpp(1,1): warning C4828: 文件包含在偏移 0x572 处开始的字符，该字符在当前源字符集中无效(代码页 65001)。
D:\vs_qt\MainWindow2.cpp(1,1): warning C4828: 文件包含在偏移 0x573 处开始的字符，该字符在当前源字符集中无效(代码页 65001)。
D:\vs_qt\MainWindow2.cpp(1,1): warning C4828: 文件包含在偏移 0x576 处开始的字符，该字符在当前源字符集中无效(代码页 65001)。
D:\vs_qt\MainWindow2.cpp(1,1): warning C4828: 文件包含在偏移 0x578 处开始的字符，该字符在当前源字符集中无效(代码页 65001)。
D:\vs_qt\MainWindow2.cpp(1,1): warning C4828: 文件包含在偏移 0x57d 处开始的字符，该字符在当前源字符集中无效(代码页 65001)。
D:\vs_qt\MainWindow2.cpp(1,1): warning C4828: 文件包含在偏移 0x57f 处开始的字符，该字符在当前源字符集中无效(代码页 65001)。
D:\vs_qt\MainWindow2.cpp(1,1): warning C4828: 文件包含在偏移 0x580 处开始的字符，该字符在当前源字符集中无效(代码页 65001)。
D:\vs_qt\MainWindow2.cpp(1,1): warning C4828: 文件包含在偏移 0x583 处开始的字符，该字符在当前源字符集中无效(代码页 65001)。
D:\vs_qt\MainWindow2.cpp(1,1): warning C4828: 文件包含在偏移 0x588 处开始的字符，该字符在当前源字符集中无效(代码页 65001)。
D:\vs_qt\MainWindow2.cpp(1,1): warning C4828: 文件包含在偏移 0x589 处开始的字符，该字符在当前源字符集中无效(代码页 65001)。
D:\vs_qt\MainWindow2.cpp(1,1): warning C4828: 文件包含在偏移 0x58a 处开始的字符，该字符在当前源字符集中无效(代码页 65001)。
D:\vs_qt\MainWindow2.cpp(1,1): warning C4828: 文件包含在偏移 0x58b 处开始的字符，该字符在当前源字符集中无效(代码页 65001)。
D:\vs_qt\MainWindow2.cpp(1,1): warning C4828: 文件包含在偏移 0x58e 处开始的字符，该字符在当前源字符集中无效(代码页 65001)。
D:\vs_qt\MainWindow2.cpp(1,1): warning C4828: 文件包含在偏移 0x58f 处开始的字符，该字符在当前源字符集中无效(代码页 65001)。
D:\vs_qt\MainWindow2.cpp(1,1): warning C4828: 文件包含在偏移 0x59f 处开始的字符，该字符在当前源字符集中无效(代码页 65001)。
D:\vs_qt\MainWindow2.cpp(1,1): warning C4828: 文件包含在偏移 0x5a0 处开始的字符，该字符在当前源字符集中无效(代码页 65001)。
D:\vs_qt\MainWindow2.cpp(1,1): warning C4828: 文件包含在偏移 0x5a1 处开始的字符，该字符在当前源字符集中无效(代码页 65001)。
D:\vs_qt\MainWindow2.cpp(1,1): warning C4828: 文件包含在偏移 0x5a2 处开始的字符，该字符在当前源字符集中无效(代码页 65001)。
D:\vs_qt\MainWindow2.cpp(1,1): warning C4828: 文件包含在偏移 0x5a5 处开始的字符，该字符在当前源字符集中无效(代码页 65001)。
D:\vs_qt\MainWindow2.cpp(1,1): warning C4828: 文件包含在偏移 0x5a7 处开始的字符，该字符在当前源字符集中无效(代码页 65001)。
D:\vs_qt\MainWindow2.cpp(1,1): warning C4828: 文件包含在偏移 0x5a8 处开始的字符，该字符在当前源字符集中无效(代码页 65001)。
D:\vs_qt\MainWindow2.cpp(1,1): warning C4828: 文件包含在偏移 0x5ac 处开始的字符，该字符在当前源字符集中无效(代码页 65001)。
D:\vs_qt\MainWindow2.cpp(1,1): warning C4828: 文件包含在偏移 0x5ae 处开始的字符，该字符在当前源字符集中无效(代码页 65001)。
D:\vs_qt\MainWindow2.cpp(1,1): warning C4828: 文件包含在偏移 0x5af 处开始的字符，该字符在当前源字符集中无效(代码页 65001)。
D:\vs_qt\MainWindow2.cpp(1,1): warning C4828: 文件包含在偏移 0x5b2 处开始的字符，该字符在当前源字符集中无效(代码页 65001)。
D:\vs_qt\MainWindow2.cpp(1,1): warning C4828: 文件包含在偏移 0x5b3 处开始的字符，该字符在当前源字符集中无效(代码页 65001)。
D:\vs_qt\MainWindow2.cpp(1,1): warning C4828: 文件包含在偏移 0x5b7 处开始的字符，该字符在当前源字符集中无效(代码页 65001)。
D:\vs_qt\MainWindow2.cpp(1,1): warning C4828: 文件包含在偏移 0x5b8 处开始的字符，该字符在当前源字符集中无效(代码页 65001)。
D:\vs_qt\MainWindow2.cpp(1,1): warning C4828: 文件包含在偏移 0x5b9 处开始的字符，该字符在当前源字符集中无效(代码页 65001)。
D:\vs_qt\MainWindow2.cpp(1,1): warning C4828: 文件包含在偏移 0x5ba 处开始的字符，该字符在当前源字符集中无效(代码页 65001)。
D:\vs_qt\MainWindow2.cpp(1,1): warning C4828: 文件包含在偏移 0x5bd 处开始的字符，该字符在当前源字符集中无效(代码页 65001)。
D:\vs_qt\MainWindow2.cpp(1,1): warning C4828: 文件包含在偏移 0x5be 处开始的字符，该字符在当前源字符集中无效(代码页 65001)。
D:\vs_qt\MainWindow2.cpp(1,1): warning C4828: 文件包含在偏移 0x5c4 处开始的字符，该字符在当前源字符集中无效(代码页 65001)。
D:\vs_qt\MainWindow2.cpp(1,1): warning C4828: 文件包含在偏移 0x5c5 处开始的字符，该字符在当前源字符集中无效(代码页 65001)。
D:\vs_qt\MainWindow2.cpp(1,1): warning C4828: 文件包含在偏移 0x5c8 处开始的字符，该字符在当前源字符集中无效(代码页 65001)。
D:\vs_qt\MainWindow2.cpp(1,1): warning C4828: 文件包含在偏移 0x5ca 处开始的字符，该字符在当前源字符集中无效(代码页 65001)。
D:\vs_qt\MainWindow2.cpp(1,1): warning C4828: 文件包含在偏移 0x5cf 处开始的字符，该字符在当前源字符集中无效(代码页 65001)。
D:\vs_qt\MainWindow2.cpp(1,1): warning C4828: 文件包含在偏移 0x5d0 处开始的字符，该字符在当前源字符集中无效(代码页 65001)。
D:\vs_qt\MainWindow2.cpp(1,1): warning C4828: 文件包含在偏移 0x5d3 处开始的字符，该字符在当前源字符集中无效(代码页 65001)。
D:\vs_qt\MainWindow2.cpp(1,1): warning C4828: 文件包含在偏移 0x5d4 处开始的字符，该字符在当前源字符集中无效(代码页 65001)。
D:\vs_qt\MainWindow2.cpp(1,1): warning C4828: 文件包含在偏移 0x5dc 处开始的字符，该字符在当前源字符集中无效(代码页 65001)。
D:\vs_qt\MainWindow2.cpp(1,1): warning C4828: 文件包含在偏移 0x5dd 处开始的字符，该字符在当前源字符集中无效(代码页 65001)。
D:\vs_qt\MainWindow2.cpp(1,1): warning C4828: 文件包含在偏移 0x5de 处开始的字符，该字符在当前源字符集中无效(代码页 65001)。
D:\vs_qt\MainWindow2.cpp(1,1): warning C4828: 文件包含在偏移 0x5df 处开始的字符，该字符在当前源字符集中无效(代码页 65001)。
D:\vs_qt\MainWindow2.cpp(1,1): warning C4828: 文件包含在偏移 0x5e5 处开始的字符，该字符在当前源字符集中无效(代码页 65001)。
D:\vs_qt\MainWindow2.cpp(1,1): warning C4828: 文件包含在偏移 0x5e6 处开始的字符，该字符在当前源字符集中无效(代码页 65001)。
D:\vs_qt\MainWindow2.cpp(1,1): warning C4828: 文件包含在偏移 0x7f0 处开始的字符，该字符在当前源字符集中无效(代码页 65001)。
D:\vs_qt\MainWindow2.cpp(1,1): warning C4828: 文件包含在偏移 0x7f1 处开始的字符，该字符在当前源字符集中无效(代码页 65001)。
D:\vs_qt\MainWindow2.cpp(1,1): warning C4828: 文件包含在偏移 0x7f4 处开始的字符，该字符在当前源字符集中无效(代码页 65001)。
D:\vs_qt\MainWindow2.cpp(1,1): warning C4828: 文件包含在偏移 0x7f5 处开始的字符，该字符在当前源字符集中无效(代码页 65001)。
D:\vs_qt\MainWindow2.cpp(1,1): warning C4828: 文件包含在偏移 0x81b 处开始的字符，该字符在当前源字符集中无效(代码页 65001)。
D:\vs_qt\MainWindow2.cpp(1,1): warning C4828: 文件包含在偏移 0x81c 处开始的字符，该字符在当前源字符集中无效(代码页 65001)。
D:\vs_qt\MainWindow2.cpp(1,1): warning C4828: 文件包含在偏移 0x81f 处开始的字符，该字符在当前源字符集中无效(代码页 65001)。
D:\vs_qt\MainWindow2.cpp(1,1): warning C4828: 文件包含在偏移 0x820 处开始的字符，该字符在当前源字符集中无效(代码页 65001)。
D:\vs_qt\MainWindow2.cpp(1,1): warning C4828: 文件包含在偏移 0x926 处开始的字符，该字符在当前源字符集中无效(代码页 65001)。
D:\vs_qt\MainWindow2.cpp(1,1): warning C4828: 文件包含在偏移 0x927 处开始的字符，该字符在当前源字符集中无效(代码页 65001)。
D:\vs_qt\MainWindow2.cpp(1,1): warning C4828: 文件包含在偏移 0x92a 处开始的字符，该字符在当前源字符集中无效(代码页 65001)。
D:\vs_qt\MainWindow2.cpp(1,1): warning C4828: 文件包含在偏移 0x92b 处开始的字符，该字符在当前源字符集中无效(代码页 65001)。
D:\vs_qt\MainWindow2.cpp(1,1): warning C4828: 文件包含在偏移 0xa28 处开始的字符，该字符在当前源字符集中无效(代码页 65001)。
D:\vs_qt\MainWindow2.cpp(1,1): warning C4828: 文件包含在偏移 0xa29 处开始的字符，该字符在当前源字符集中无效(代码页 65001)。
D:\vs_qt\MainWindow2.cpp(1,1): warning C4828: 文件包含在偏移 0xa2c 处开始的字符，该字符在当前源字符集中无效(代码页 65001)。
D:\vs_qt\MainWindow2.cpp(1,1): warning C4828: 文件包含在偏移 0xa2d 处开始的字符，该字符在当前源字符集中无效(代码页 65001)。
D:\vs_qt\MainWindow2.cpp(1,1): warning C4828: 文件包含在偏移 0x12be 处开始的字符，该字符在当前源字符集中无效(代码页 65001)。
D:\vs_qt\MainWindow2.cpp(1,1): warning C4828: 文件包含在偏移 0x12bf 处开始的字符，该字符在当前源字符集中无效(代码页 65001)。
D:\vs_qt\MainWindow2.cpp(1,1): warning C4828: 文件包含在偏移 0x12c2 处开始的字符，该字符在当前源字符集中无效(代码页 65001)。
D:\vs_qt\MainWindow2.cpp(1,1): warning C4828: 文件包含在偏移 0x12c3 处开始的字符，该字符在当前源字符集中无效(代码页 65001)。
D:\vs_qt\MainWindow2.cpp(1,1): warning C4828: 文件包含在偏移 0x1413 处开始的字符，该字符在当前源字符集中无效(代码页 65001)。
D:\vs_qt\MainWindow2.cpp(1,1): warning C4828: 文件包含在偏移 0x1414 处开始的字符，该字符在当前源字符集中无效(代码页 65001)。
D:\vs_qt\MainWindow2.cpp(1,1): warning C4828: 文件包含在偏移 0x1417 处开始的字符，该字符在当前源字符集中无效(代码页 65001)。
D:\vs_qt\MainWindow2.cpp(1,1): warning C4828: 文件包含在偏移 0x1418 处开始的字符，该字符在当前源字符集中无效(代码页 65001)。
D:\vs_qt\MainWindow2.cpp(1,1): warning C4828: 文件包含在偏移 0x1670 处开始的字符，该字符在当前源字符集中无效(代码页 65001)。
D:\vs_qt\MainWindow2.cpp(1,1): warning C4828: 文件包含在偏移 0x1671 处开始的字符，该字符在当前源字符集中无效(代码页 65001)。
D:\vs_qt\MainWindow2.cpp(1,1): warning C4828: 文件包含在偏移 0x1676 处开始的字符，该字符在当前源字符集中无效(代码页 65001)。
D:\vs_qt\MainWindow2.cpp(1,1): warning C4828: 文件包含在偏移 0x1679 处开始的字符，该字符在当前源字符集中无效(代码页 65001)。
D:\vs_qt\MainWindow2.cpp(1,1): warning C4828: 文件包含在偏移 0x16a2 处开始的字符，该字符在当前源字符集中无效(代码页 65001)。
D:\vs_qt\MainWindow2.cpp(1,1): warning C4828: 文件包含在偏移 0x16a4 处开始的字符，该字符在当前源字符集中无效(代码页 65001)。
D:\vs_qt\MainWindow2.cpp(1,1): warning C4828: 文件包含在偏移 0x16a5 处开始的字符，该字符在当前源字符集中无效(代码页 65001)。
D:\vs_qt\MainWindow2.cpp(1,1): warning C4828: 文件包含在偏移 0x16a7 处开始的字符，该字符在当前源字符集中无效(代码页 65001)。
D:\vs_qt\MainWindow2.cpp(1,1): warning C4828: 文件包含在偏移 0x16ac 处开始的字符，该字符在当前源字符集中无效(代码页 65001)。
D:\vs_qt\MainWindow2.cpp(1,1): warning C4828: 文件包含在偏移 0x16ad 处开始的字符，该字符在当前源字符集中无效(代码页 65001)。
D:\vs_qt\MainWindow2.cpp(1,1): warning C4828: 文件包含在偏移 0x16ae 处开始的字符，该字符在当前源字符集中无效(代码页 65001)。
D:\vs_qt\MainWindow2.cpp(1,1): warning C4828: 文件包含在偏移 0x16b0 处开始的字符，该字符在当前源字符集中无效(代码页 65001)。
D:\vs_qt\MainWindow2.cpp(1,1): warning C4828: 文件包含在偏移 0x16b1 处开始的字符，该字符在当前源字符集中无效(代码页 65001)。
D:\vs_qt\MainWindow2.cpp(1,1): warning C4828: 文件包含在偏移 0x16b4 处开始的字符，该字符在当前源字符集中无效(代码页 65001)。
D:\vs_qt\MainWindow2.cpp(1,1): warning C4828: 文件包含在偏移 0x16b6 处开始的字符，该字符在当前源字符集中无效(代码页 65001)。
D:\vs_qt\MainWindow2.cpp(1,1): warning C4828: 文件包含在偏移 0x16b8 处开始的字符，该字符在当前源字符集中无效(代码页 65001)。
D:\vs_qt\MainWindow2.cpp(1,1): warning C4828: 文件包含在偏移 0x16ba 处开始的字符，该字符在当前源字符集中无效(代码页 65001)。
D:\vs_qt\MainWindow2.cpp(1,1): warning C4828: 文件包含在偏移 0x16bc 处开始的字符，该字符在当前源字符集中无效(代码页 65001)。
D:\vs_qt\MainWindow2.cpp(1,1): warning C4828: 文件包含在偏移 0x16bd 处开始的字符，该字符在当前源字符集中无效(代码页 65001)。
D:\vs_qt\MainWindow2.cpp(1,1): warning C4828: 文件包含在偏移 0x17dd 处开始的字符，该字符在当前源字符集中无效(代码页 65001)。
D:\vs_qt\MainWindow2.cpp(1,1): warning C4828: 文件包含在偏移 0x17e0 处开始的字符，该字符在当前源字符集中无效(代码页 65001)。
D:\vs_qt\MainWindow2.cpp(1,1): warning C4828: 文件包含在偏移 0x17e1 处开始的字符，该字符在当前源字符集中无效(代码页 65001)。
D:\vs_qt\MainWindow2.cpp(1,1): warning C4828: 文件包含在偏移 0x17e2 处开始的字符，该字符在当前源字符集中无效(代码页 65001)。
D:\vs_qt\MainWindow2.cpp(1,1): warning C4828: 文件包含在偏移 0x17e5 处开始的字符，该字符在当前源字符集中无效(代码页 65001)。
D:\vs_qt\MainWindow2.cpp(1,1): warning C4828: 文件包含在偏移 0x17e6 处开始的字符，该字符在当前源字符集中无效(代码页 65001)。
D:\vs_qt\MainWindow2.cpp(1,1): warning C4828: 文件包含在偏移 0x180d 处开始的字符，该字符在当前源字符集中无效(代码页 65001)。
D:\vs_qt\MainWindow2.cpp(1,1): warning C4828: 文件包含在偏移 0x180f 处开始的字符，该字符在当前源字符集中无效(代码页 65001)。
D:\vs_qt\MainWindow2.cpp(1,1): warning C4828: 文件包含在偏移 0x1810 处开始的字符，该字符在当前源字符集中无效(代码页 65001)。
D:\vs_qt\MainWindow2.cpp(1,1): warning C4828: 文件包含在偏移 0x1813 处开始的字符，该字符在当前源字符集中无效(代码页 65001)。
D:\vs_qt\MainWindow2.cpp(1,1): warning C4828: 文件包含在偏移 0x1814 处开始的字符，该字符在当前源字符集中无效(代码页 65001)。
D:\vs_qt\MainWindow2.cpp(1,1): warning C4828: 文件包含在偏移 0x1817 处开始的字符，该字符在当前源字符集中无效(代码页 65001)。
D:\vs_qt\MainWindow2.cpp(1,1): warning C4828: 文件包含在偏移 0x1819 处开始的字符，该字符在当前源字符集中无效(代码页 65001)。
D:\vs_qt\MainWindow2.cpp(1,1): warning C4828: 文件包含在偏移 0x181b 处开始的字符，该字符在当前源字符集中无效(代码页 65001)。
D:\vs_qt\MainWindow2.cpp(1,1): warning C4828: 文件包含在偏移 0x181d 处开始的字符，该字符在当前源字符集中无效(代码页 65001)。
D:\vs_qt\MainWindow2.cpp(1,1): warning C4828: 文件包含在偏移 0x181e 处开始的字符，该字符在当前源字符集中无效(代码页 65001)。
D:\vs_qt\MainWindow2.cpp(1,1): warning C4828: 文件包含在偏移 0x1827 处开始的字符，该字符在当前源字符集中无效(代码页 65001)。
D:\vs_qt\MainWindow2.cpp(1,1): warning C4828: 文件包含在偏移 0x1828 处开始的字符，该字符在当前源字符集中无效(代码页 65001)。
D:\vs_qt\MainWindow2.cpp(1,1): warning C4828: 文件包含在偏移 0x1948 处开始的字符，该字符在当前源字符集中无效(代码页 65001)。
D:\vs_qt\MainWindow2.cpp(1,1): warning C4828: 文件包含在偏移 0x194b 处开始的字符，该字符在当前源字符集中无效(代码页 65001)。
D:\vs_qt\MainWindow2.cpp(1,1): warning C4828: 文件包含在偏移 0x194c 处开始的字符，该字符在当前源字符集中无效(代码页 65001)。
D:\vs_qt\MainWindow2.cpp(1,1): warning C4828: 文件包含在偏移 0x194d 处开始的字符，该字符在当前源字符集中无效(代码页 65001)。
D:\vs_qt\MainWindow2.cpp(1,1): warning C4828: 文件包含在偏移 0x194e 处开始的字符，该字符在当前源字符集中无效(代码页 65001)。
D:\vs_qt\MainWindow2.cpp(1,1): warning C4828: 文件包含在偏移 0x1950 处开始的字符，该字符在当前源字符集中无效(代码页 65001)。
D:\vs_qt\MainWindow2.cpp(1,1): warning C4828: 文件包含在偏移 0x1951 处开始的字符，该字符在当前源字符集中无效(代码页 65001)。
D:\vs_qt\MainWindow2.cpp(1,1): warning C4828: 文件包含在偏移 0x1978 处开始的字符，该字符在当前源字符集中无效(代码页 65001)。
D:\vs_qt\MainWindow2.cpp(1,1): warning C4828: 文件包含在偏移 0x197a 处开始的字符，该字符在当前源字符集中无效(代码页 65001)。
D:\vs_qt\MainWindow2.cpp(1,1): warning C4828: 文件包含在偏移 0x197b 处开始的字符，该字符在当前源字符集中无效(代码页 65001)。
D:\vs_qt\MainWindow2.cpp(1,1): warning C4828: 文件包含在偏移 0x197e 处开始的字符，该字符在当前源字符集中无效(代码页 65001)。
D:\vs_qt\MainWindow2.cpp(1,1): warning C4828: 文件包含在偏移 0x197f 处开始的字符，该字符在当前源字符集中无效(代码页 65001)。
D:\vs_qt\MainWindow2.cpp(1,1): warning C4828: 文件包含在偏移 0x1980 处开始的字符，该字符在当前源字符集中无效(代码页 65001)。
D:\vs_qt\MainWindow2.cpp(1,1): warning C4828: 文件包含在偏移 0x1982 处开始的字符，该字符在当前源字符集中无效(代码页 65001)。
D:\vs_qt\MainWindow2.cpp(1,1): warning C4828: 文件包含在偏移 0x1984 处开始的字符，该字符在当前源字符集中无效(代码页 65001)。
D:\vs_qt\MainWindow2.cpp(1,1): warning C4828: 文件包含在偏移 0x1986 处开始的字符，该字符在当前源字符集中无效(代码页 65001)。
D:\vs_qt\MainWindow2.cpp(1,1): warning C4828: 文件包含在偏移 0x1988 处开始的字符，该字符在当前源字符集中无效(代码页 65001)。
D:\vs_qt\MainWindow2.cpp(1,1): warning C4828: 文件包含在偏移 0x1989 处开始的字符，该字符在当前源字符集中无效(代码页 65001)。
D:\vs_qt\MainWindow2.cpp(1,1): warning C4828: 文件包含在偏移 0x1992 处开始的字符，该字符在当前源字符集中无效(代码页 65001)。
D:\vs_qt\MainWindow2.cpp(1,1): warning C4828: 文件包含在偏移 0x1993 处开始的字符，该字符在当前源字符集中无效(代码页 65001)。
D:\vs_qt\MainWindow2.cpp(1,1): warning C4828: 文件包含在偏移 0x1b7c 处开始的字符，该字符在当前源字符集中无效(代码页 65001)。
D:\vs_qt\MainWindow2.cpp(1,1): warning C4828: 文件包含在偏移 0x1b7d 处开始的字符，该字符在当前源字符集中无效(代码页 65001)。
D:\vs_qt\MainWindow2.cpp(1,1): warning C4828: 文件包含在偏移 0x1b80 处开始的字符，该字符在当前源字符集中无效(代码页 65001)。
D:\vs_qt\MainWindow2.cpp(1,1): warning C4828: 文件包含在偏移 0x1b81 处开始的字符，该字符在当前源字符集中无效(代码页 65001)。
D:\vs_qt\MainWindow2.cpp(1,1): warning C4828: 文件包含在偏移 0x1ba8 处开始的字符，该字符在当前源字符集中无效(代码页 65001)。
D:\vs_qt\MainWindow2.cpp(1,1): warning C4828: 文件包含在偏移 0x1ba9 处开始的字符，该字符在当前源字符集中无效(代码页 65001)。
D:\vs_qt\MainWindow2.cpp(1,1): warning C4828: 文件包含在偏移 0x1baa 处开始的字符，该字符在当前源字符集中无效(代码页 65001)。
D:\vs_qt\MainWindow2.cpp(1,1): warning C4828: 文件包含在偏移 0x1bac 处开始的字符，该字符在当前源字符集中无效(代码页 65001)。
D:\vs_qt\MainWindow2.cpp(1,1): warning C4828: 文件包含在偏移 0x1baf 处开始的字符，该字符在当前源字符集中无效(代码页 65001)。
D:\vs_qt\MainWindow2.cpp(1,1): warning C4828: 文件包含在偏移 0x1bb0 处开始的字符，该字符在当前源字符集中无效(代码页 65001)。
D:\vs_qt\MainWindow2.cpp(1,1): warning C4828: 文件包含在偏移 0x1bb1 处开始的字符，该字符在当前源字符集中无效(代码页 65001)。
D:\vs_qt\MainWindow2.cpp(1,1): warning C4828: 文件包含在偏移 0x21ea 处开始的字符，该字符在当前源字符集中无效(代码页 65001)。
D:\vs_qt\MainWindow2.cpp(1,1): warning C4828: 文件包含在偏移 0x21ec 处开始的字符，该字符在当前源字符集中无效(代码页 65001)。
D:\vs_qt\MainWindow2.cpp(1,1): warning C4828: 文件包含在偏移 0x21ed 处开始的字符，该字符在当前源字符集中无效(代码页 65001)。
D:\vs_qt\MainWindow2.cpp(1,1): warning C4828: 文件包含在偏移 0x2214 处开始的字符，该字符在当前源字符集中无效(代码页 65001)。
D:\vs_qt\MainWindow2.cpp(1,1): warning C4828: 文件包含在偏移 0x2215 处开始的字符，该字符在当前源字符集中无效(代码页 65001)。
D:\vs_qt\MainWindow2.cpp(1,1): warning C4828: 文件包含在偏移 0x2218 处开始的字符，该字符在当前源字符集中无效(代码页 65001)。
D:\vs_qt\MainWindow2.cpp(1,1): warning C4828: 文件包含在偏移 0x221a 处开始的字符，该字符在当前源字符集中无效(代码页 65001)。
D:\vs_qt\MainWindow2.cpp(1,1): warning C4828: 文件包含在偏移 0x221b 处开始的字符，该字符在当前源字符集中无效(代码页 65001)。
D:\vs_qt\MainWindow2.cpp(1,1): warning C4828: 文件包含在偏移 0x221d 处开始的字符，该字符在当前源字符集中无效(代码页 65001)。
D:\vs_qt\MainWindow2.cpp(1,1): warning C4828: 文件包含在偏移 0x221f 处开始的字符，该字符在当前源字符集中无效(代码页 65001)。
D:\vs_qt\MainWindow2.cpp(1,1): warning C4828: 文件包含在偏移 0x2220 处开始的字符，该字符在当前源字符集中无效(代码页 65001)。
D:\vs_qt\MainWindow2.cpp(1,1): warning C4828: 文件包含在偏移 0x2223 处开始的字符，该字符在当前源字符集中无效(代码页 65001)。
D:\vs_qt\MainWindow2.cpp(1,1): warning C4828: 文件包含在偏移 0x23aa 处开始的字符，该字符在当前源字符集中无效(代码页 65001)。
D:\vs_qt\MainWindow2.cpp(1,1): warning C4828: 文件包含在偏移 0x23ad 处开始的字符，该字符在当前源字符集中无效(代码页 65001)。
D:\vs_qt\MainWindow2.cpp(1,1): warning C4828: 文件包含在偏移 0x23ae 处开始的字符，该字符在当前源字符集中无效(代码页 65001)。
D:\vs_qt\MainWindow2.cpp(1,1): warning C4828: 文件包含在偏移 0x23b0 处开始的字符，该字符在当前源字符集中无效(代码页 65001)。
D:\vs_qt\MainWindow2.cpp(1,1): warning C4828: 文件包含在偏移 0x23b3 处开始的字符，该字符在当前源字符集中无效(代码页 65001)。
D:\vs_qt\MainWindow2.cpp(1,1): warning C4828: 文件包含在偏移 0x23da 处开始的字符，该字符在当前源字符集中无效(代码页 65001)。
D:\vs_qt\MainWindow2.cpp(1,1): warning C4828: 文件包含在偏移 0x23dc 处开始的字符，该字符在当前源字符集中无效(代码页 65001)。
D:\vs_qt\MainWindow2.cpp(1,1): warning C4828: 文件包含在偏移 0x23dd 处开始的字符，该字符在当前源字符集中无效(代码页 65001)。
D:\vs_qt\MainWindow2.cpp(1,1): warning C4828: 文件包含在偏移 0x23e2 处开始的字符，该字符在当前源字符集中无效(代码页 65001)。
D:\vs_qt\MainWindow2.cpp(1,1): warning C4828: 文件包含在偏移 0x23e3 处开始的字符，该字符在当前源字符集中无效(代码页 65001)。
D:\vs_qt\MainWindow2.cpp(1,1): warning C4828: 文件包含在偏移 0x23e4 处开始的字符，该字符在当前源字符集中无效(代码页 65001)。
D:\vs_qt\MainWindow2.cpp(1,1): warning C4828: 文件包含在偏移 0x23e5 处开始的字符，该字符在当前源字符集中无效(代码页 65001)。
D:\vs_qt\MainWindow2.cpp(1,1): warning C4828: 文件包含在偏移 0x23e7 处开始的字符，该字符在当前源字符集中无效(代码页 65001)。
D:\vs_qt\MainWindow2.cpp(1,1): warning C4828: 文件包含在偏移 0x23ed 处开始的字符，该字符在当前源字符集中无效(代码页 65001)。
D:\vs_qt\MainWindow2.cpp(1,1): warning C4828: 文件包含在偏移 0x23f1 处开始的字符，该字符在当前源字符集中无效(代码页 65001)。
D:\vs_qt\MainWindow2.cpp(1,1): warning C4828: 文件包含在偏移 0x23f2 处开始的字符，该字符在当前源字符集中无效(代码页 65001)。
D:\vs_qt\MainWindow2.cpp(1,1): warning C4828: 文件包含在偏移 0x23f3 处开始的字符，该字符在当前源字符集中无效(代码页 65001)。
D:\vs_qt\MainWindow2.cpp(1,1): warning C4828: 文件包含在偏移 0x256b 处开始的字符，该字符在当前源字符集中无效(代码页 65001)。
D:\vs_qt\MainWindow2.cpp(1,1): warning C4828: 文件包含在偏移 0x256d 处开始的字符，该字符在当前源字符集中无效(代码页 65001)。
D:\vs_qt\MainWindow2.cpp(1,1): warning C4828: 文件包含在偏移 0x256e 处开始的字符，该字符在当前源字符集中无效(代码页 65001)。
D:\vs_qt\MainWindow2.cpp(1,1): warning C4828: 文件包含在偏移 0x256f 处开始的字符，该字符在当前源字符集中无效(代码页 65001)。
D:\vs_qt\MainWindow2.cpp(1,1): warning C4828: 文件包含在偏移 0x2592 处开始的字符，该字符在当前源字符集中无效(代码页 65001)。
D:\vs_qt\MainWindow2.cpp(1,1): warning C4828: 文件包含在偏移 0x2596 处开始的字符，该字符在当前源字符集中无效(代码页 65001)。
D:\vs_qt\MainWindow2.cpp(1,1): warning C4828: 文件包含在偏移 0x2597 处开始的字符，该字符在当前源字符集中无效(代码页 65001)。
D:\vs_qt\MainWindow2.cpp(1,1): warning C4828: 文件包含在偏移 0x259c 处开始的字符，该字符在当前源字符集中无效(代码页 65001)。
D:\vs_qt\MainWindow2.cpp(1,1): warning C4828: 文件包含在偏移 0x259e 处开始的字符，该字符在当前源字符集中无效(代码页 65001)。
D:\vs_qt\MainWindow2.cpp(1,1): warning C4828: 文件包含在偏移 0x25a0 处开始的字符，该字符在当前源字符集中无效(代码页 65001)。
D:\vs_qt\MainWindow2.cpp(1,1): warning C4828: 文件包含在偏移 0x25a2 处开始的字符，该字符在当前源字符集中无效(代码页 65001)。
D:\vs_qt\MainWindow2.cpp(1,1): warning C4828: 文件包含在偏移 0x25a3 处开始的字符，该字符在当前源字符集中无效(代码页 65001)。
D:\vs_qt\MainWindow2.cpp(1,1): warning C4828: 文件包含在偏移 0x25a4 处开始的字符，该字符在当前源字符集中无效(代码页 65001)。
D:\vs_qt\MainWindow2.cpp(1,1): warning C4828: 文件包含在偏移 0x25a6 处开始的字符，该字符在当前源字符集中无效(代码页 65001)。
D:\vs_qt\MainWindow2.cpp(1,1): warning C4828: 文件包含在偏移 0x25a8 处开始的字符，该字符在当前源字符集中无效(代码页 65001)。
D:\vs_qt\MainWindow2.cpp(1,1): warning C4828: 文件包含在偏移 0x25a9 处开始的字符，该字符在当前源字符集中无效(代码页 65001)。
D:\vs_qt\MainWindow2.cpp(1,1): warning C4828: 文件包含在偏移 0x25ae 处开始的字符，该字符在当前源字符集中无效(代码页 65001)。
D:\vs_qt\MainWindow2.cpp(1,1): warning C4828: 文件包含在偏移 0x25b0 处开始的字符，该字符在当前源字符集中无效(代码页 65001)。
D:\vs_qt\MainWindow2.cpp(1,1): warning C4828: 文件包含在偏移 0x25b1 处开始的字符，该字符在当前源字符集中无效(代码页 65001)。
D:\vs_qt\MainWindow2.cpp(1,1): warning C4828: 文件包含在偏移 0x25d0 处开始的字符，该字符在当前源字符集中无效(代码页 65001)。
D:\vs_qt\MainWindow2.cpp(1,1): warning C4828: 文件包含在偏移 0x25d2 处开始的字符，该字符在当前源字符集中无效(代码页 65001)。
D:\vs_qt\MainWindow2.cpp(1,1): warning C4828: 文件包含在偏移 0x25d3 处开始的字符，该字符在当前源字符集中无效(代码页 65001)。
D:\vs_qt\MainWindow2.cpp(1,1): warning C4828: 文件包含在偏移 0x25d5 处开始的字符，该字符在当前源字符集中无效(代码页 65001)。
D:\vs_qt\MainWindow2.cpp(1,1): warning C4828: 文件包含在偏移 0x25d8 处开始的字符，该字符在当前源字符集中无效(代码页 65001)。
D:\vs_qt\MainWindow2.cpp(1,1): warning C4828: 文件包含在偏移 0x25da 处开始的字符，该字符在当前源字符集中无效(代码页 65001)。
D:\vs_qt\MainWindow2.cpp(1,1): warning C4828: 文件包含在偏移 0x25dd 处开始的字符，该字符在当前源字符集中无效(代码页 65001)。
D:\vs_qt\MainWindow2.cpp(1,1): warning C4828: 文件包含在偏移 0x25ed 处开始的字符，该字符在当前源字符集中无效(代码页 65001)。
D:\vs_qt\MainWindow2.cpp(1,1): warning C4828: 文件包含在偏移 0x25ee 处开始的字符，该字符在当前源字符集中无效(代码页 65001)。
D:\vs_qt\MainWindow2.cpp(1,1): warning C4828: 文件包含在偏移 0x25ef 处开始的字符，该字符在当前源字符集中无效(代码页 65001)。
D:\vs_qt\MainWindow2.cpp(1,1): warning C4828: 文件包含在偏移 0x25f1 处开始的字符，该字符在当前源字符集中无效(代码页 65001)。
D:\vs_qt\MainWindow2.cpp(1,1): warning C4828: 文件包含在偏移 0x25f3 处开始的字符，该字符在当前源字符集中无效(代码页 65001)。
D:\vs_qt\MainWindow2.cpp(1,1): warning C4828: 文件包含在偏移 0x25f5 处开始的字符，该字符在当前源字符集中无效(代码页 65001)。
D:\vs_qt\MainWindow2.cpp(1,1): warning C4828: 文件包含在偏移 0x25f6 处开始的字符，该字符在当前源字符集中无效(代码页 65001)。
D:\vs_qt\MainWindow2.cpp(1,1): warning C4828: 文件包含在偏移 0x28dd 处开始的字符，该字符在当前源字符集中无效(代码页 65001)。
D:\vs_qt\MainWindow2.cpp(1,1): warning C4828: 文件包含在偏移 0x28de 处开始的字符，该字符在当前源字符集中无效(代码页 65001)。
D:\vs_qt\MainWindow2.cpp(1,1): warning C4828: 文件包含在偏移 0x28e1 处开始的字符，该字符在当前源字符集中无效(代码页 65001)。
D:\vs_qt\MainWindow2.cpp(1,1): warning C4828: 文件包含在偏移 0x28e2 处开始的字符，该字符在当前源字符集中无效(代码页 65001)。
D:\vs_qt\MainWindow2.cpp(1,1): warning C4828: 文件包含在偏移 0x2900 处开始的字符，该字符在当前源字符集中无效(代码页 65001)。
D:\vs_qt\MainWindow2.cpp(1,1): warning C4828: 文件包含在偏移 0x2901 处开始的字符，该字符在当前源字符集中无效(代码页 65001)。
D:\vs_qt\MainWindow2.cpp(1,1): warning C4828: 文件包含在偏移 0x2902 处开始的字符，该字符在当前源字符集中无效(代码页 65001)。
D:\vs_qt\MainWindow2.cpp(1,1): warning C4828: 文件包含在偏移 0x2903 处开始的字符，该字符在当前源字符集中无效(代码页 65001)。
D:\vs_qt\MainWindow2.cpp(1,1): warning C4828: 文件包含在偏移 0x2904 处开始的字符，该字符在当前源字符集中无效(代码页 65001)。
D:\vs_qt\MainWindow2.cpp(1,1): warning C4828: 文件包含在偏移 0x2905 处开始的字符，该字符在当前源字符集中无效(代码页 65001)。
D:\vs_qt\MainWindow2.cpp(1,1): warning C4828: 文件包含在偏移 0x2921 处开始的字符，该字符在当前源字符集中无效(代码页 65001)。
D:\vs_qt\MainWindow2.cpp(1,1): warning C4828: 文件包含在偏移 0x2922 处开始的字符，该字符在当前源字符集中无效(代码页 65001)。
D:\vs_qt\MainWindow2.cpp(1,1): warning C4828: 文件包含在偏移 0x2923 处开始的字符，该字符在当前源字符集中无效(代码页 65001)。
D:\vs_qt\MainWindow2.cpp(1,1): warning C4828: 文件包含在偏移 0x2924 处开始的字符，该字符在当前源字符集中无效(代码页 65001)。
D:\vs_qt\MainWindow2.cpp(1,1): warning C4828: 文件包含在偏移 0x2927 处开始的字符，该字符在当前源字符集中无效(代码页 65001)。
D:\vs_qt\MainWindow2.cpp(1,1): warning C4828: 文件包含在偏移 0x2928 处开始的字符，该字符在当前源字符集中无效(代码页 65001)。
D:\vs_qt\MainWindow2.cpp(1,1): warning C4828: 文件包含在偏移 0x2945 处开始的字符，该字符在当前源字符集中无效(代码页 65001)。
D:\vs_qt\MainWindow2.cpp(1,1): warning C4828: 文件包含在偏移 0x2947 处开始的字符，该字符在当前源字符集中无效(代码页 65001)。
D:\vs_qt\MainWindow2.cpp(1,1): warning C4828: 文件包含在偏移 0x2949 处开始的字符，该字符在当前源字符集中无效(代码页 65001)。
D:\vs_qt\MainWindow2.cpp(1,1): warning C4828: 文件包含在偏移 0x294b 处开始的字符，该字符在当前源字符集中无效(代码页 65001)。
D:\vs_qt\MainWindow2.cpp(1,1): warning C4828: 文件包含在偏移 0x294c 处开始的字符，该字符在当前源字符集中无效(代码页 65001)。
D:\vs_qt\MainWindow2.cpp(1,1): warning C4828: 文件包含在偏移 0x296a 处开始的字符，该字符在当前源字符集中无效(代码页 65001)。
D:\vs_qt\MainWindow2.cpp(1,1): warning C4828: 文件包含在偏移 0x296e 处开始的字符，该字符在当前源字符集中无效(代码页 65001)。
D:\vs_qt\MainWindow2.cpp(1,1): warning C4828: 文件包含在偏移 0x2970 处开始的字符，该字符在当前源字符集中无效(代码页 65001)。
D:\vs_qt\MainWindow2.cpp(1,1): warning C4828: 文件包含在偏移 0x2971 处开始的字符，该字符在当前源字符集中无效(代码页 65001)。
D:\vs_qt\MainWindow2.cpp(1,1): warning C4828: 文件包含在偏移 0x298e 处开始的字符，该字符在当前源字符集中无效(代码页 65001)。
D:\vs_qt\MainWindow2.cpp(1,1): warning C4828: 文件包含在偏移 0x2990 处开始的字符，该字符在当前源字符集中无效(代码页 65001)。
D:\vs_qt\MainWindow2.cpp(1,1): warning C4828: 文件包含在偏移 0x2991 处开始的字符，该字符在当前源字符集中无效(代码页 65001)。
D:\vs_qt\MainWindow2.cpp(1,1): warning C4828: 文件包含在偏移 0x29b2 处开始的字符，该字符在当前源字符集中无效(代码页 65001)。
D:\vs_qt\MainWindow2.cpp(1,1): warning C4828: 文件包含在偏移 0x29b3 处开始的字符，该字符在当前源字符集中无效(代码页 65001)。
D:\vs_qt\MainWindow2.cpp(1,1): warning C4828: 文件包含在偏移 0x29b7 处开始的字符，该字符在当前源字符集中无效(代码页 65001)。
D:\vs_qt\MainWindow2.cpp(1,1): warning C4828: 文件包含在偏移 0x29d9 处开始的字符，该字符在当前源字符集中无效(代码页 65001)。
D:\vs_qt\MainWindow2.cpp(1,1): warning C4828: 文件包含在偏移 0x29da 处开始的字符，该字符在当前源字符集中无效(代码页 65001)。
D:\vs_qt\MainWindow2.cpp(1,1): warning C4828: 文件包含在偏移 0x29f6 处开始的字符，该字符在当前源字符集中无效(代码页 65001)。
D:\vs_qt\MainWindow2.cpp(1,1): warning C4828: 文件包含在偏移 0x29f8 处开始的字符，该字符在当前源字符集中无效(代码页 65001)。
D:\vs_qt\MainWindow2.cpp(1,1): warning C4828: 文件包含在偏移 0x29fa 处开始的字符，该字符在当前源字符集中无效(代码页 65001)。
D:\vs_qt\MainWindow2.cpp(1,1): warning C4828: 文件包含在偏移 0x29fc 处开始的字符，该字符在当前源字符集中无效(代码页 65001)。
D:\vs_qt\MainWindow2.cpp(1,1): warning C4828: 文件包含在偏移 0x29ff 处开始的字符，该字符在当前源字符集中无效(代码页 65001)。
D:\vs_qt\MainWindow2.cpp(1,1): warning C4828: 文件包含在偏移 0x2a1e 处开始的字符，该字符在当前源字符集中无效(代码页 65001)。
D:\vs_qt\MainWindow2.cpp(1,1): warning C4828: 文件包含在偏移 0x2a1f 处开始的字符，该字符在当前源字符集中无效(代码页 65001)。
D:\vs_qt\MainWindow2.cpp(1,1): warning C4828: 文件包含在偏移 0x2a20 处开始的字符，该字符在当前源字符集中无效(代码页 65001)。
D:\vs_qt\MainWindow2.cpp(1,1): warning C4828: 文件包含在偏移 0x2a22 处开始的字符，该字符在当前源字符集中无效(代码页 65001)。
D:\vs_qt\MainWindow2.cpp(1,1): warning C4828: 文件包含在偏移 0x2a23 处开始的字符，该字符在当前源字符集中无效(代码页 65001)。
D:\vs_qt\MainWindow2.cpp(1,1): warning C4828: 文件包含在偏移 0x2a43 处开始的字符，该字符在当前源字符集中无效(代码页 65001)。
D:\vs_qt\MainWindow2.cpp(1,1): warning C4828: 文件包含在偏移 0x2a44 处开始的字符，该字符在当前源字符集中无效(代码页 65001)。
D:\vs_qt\MainWindow2.cpp(1,1): warning C4828: 文件包含在偏移 0x2a48 处开始的字符，该字符在当前源字符集中无效(代码页 65001)。
D:\vs_qt\MainWindow2.cpp(1,1): warning C4828: 文件包含在偏移 0x2a6c 处开始的字符，该字符在当前源字符集中无效(代码页 65001)。
D:\vs_qt\MainWindow2.cpp(1,1): warning C4828: 文件包含在偏移 0x2a6d 处开始的字符，该字符在当前源字符集中无效(代码页 65001)。
D:\vs_qt\MainWindow2.cpp(1,1): warning C4828: 文件包含在偏移 0x2a8c 处开始的字符，该字符在当前源字符集中无效(代码页 65001)。
D:\vs_qt\MainWindow2.cpp(1,1): warning C4828: 文件包含在偏移 0x2a8d 处开始的字符，该字符在当前源字符集中无效(代码页 65001)。
D:\vs_qt\MainWindow2.cpp(1,1): warning C4828: 文件包含在偏移 0x2a91 处开始的字符，该字符在当前源字符集中无效(代码页 65001)。
D:\vs_qt\MainWindow2.cpp(1,1): warning C4828: 文件包含在偏移 0x2a92 处开始的字符，该字符在当前源字符集中无效(代码页 65001)。
D:\vs_qt\MainWindow2.cpp(1,1): warning C4828: 文件包含在偏移 0x2a93 处开始的字符，该字符在当前源字符集中无效(代码页 65001)。
D:\vs_qt\MainWindow2.cpp(1,1): warning C4828: 文件包含在偏移 0x2ab4 处开始的字符，该字符在当前源字符集中无效(代码页 65001)。
D:\vs_qt\MainWindow2.cpp(1,1): warning C4828: 文件包含在偏移 0x2ab5 处开始的字符，该字符在当前源字符集中无效(代码页 65001)。
D:\vs_qt\MainWindow2.cpp(1,1): warning C4828: 文件包含在偏移 0x2ab6 处开始的字符，该字符在当前源字符集中无效(代码页 65001)。
D:\vs_qt\MainWindow2.cpp(1,1): warning C4828: 文件包含在偏移 0x2ab7 处开始的字符，该字符在当前源字符集中无效(代码页 65001)。
D:\vs_qt\MainWindow2.cpp(1,1): warning C4828: 文件包含在偏移 0x2ad9 处开始的字符，该字符在当前源字符集中无效(代码页 65001)。
D:\vs_qt\MainWindow2.cpp(1,1): warning C4828: 文件包含在偏移 0x2ada 处开始的字符，该字符在当前源字符集中无效(代码页 65001)。
D:\vs_qt\MainWindow2.cpp(1,1): warning C4828: 文件包含在偏移 0x2ade 处开始的字符，该字符在当前源字符集中无效(代码页 65001)。
D:\vs_qt\MainWindow2.cpp(1,1): warning C4828: 文件包含在偏移 0x2ae0 处开始的字符，该字符在当前源字符集中无效(代码页 65001)。
D:\vs_qt\MainWindow2.cpp(1,1): warning C4828: 文件包含在偏移 0x2afe 处开始的字符，该字符在当前源字符集中无效(代码页 65001)。
D:\vs_qt\MainWindow2.cpp(1,1): warning C4828: 文件包含在偏移 0x2aff 处开始的字符，该字符在当前源字符集中无效(代码页 65001)。
D:\vs_qt\MainWindow2.cpp(1,1): warning C4828: 文件包含在偏移 0x2b00 处开始的字符，该字符在当前源字符集中无效(代码页 65001)。
D:\vs_qt\MainWindow2.cpp(1,1): warning C4828: 文件包含在偏移 0x2b03 处开始的字符，该字符在当前源字符集中无效(代码页 65001)。
D:\vs_qt\MainWindow2.cpp(1,1): warning C4828: 文件包含在偏移 0x2b04 处开始的字符，该字符在当前源字符集中无效(代码页 65001)。
D:\vs_qt\MainWindow2.cpp(1,1): warning C4828: 文件包含在偏移 0x2b05 处开始的字符，该字符在当前源字符集中无效(代码页 65001)。
D:\vs_qt\MainWindow2.cpp(1,1): warning C4828: 文件包含在偏移 0x2b25 处开始的字符，该字符在当前源字符集中无效(代码页 65001)。
D:\vs_qt\MainWindow2.cpp(1,1): warning C4828: 文件包含在偏移 0x2b27 处开始的字符，该字符在当前源字符集中无效(代码页 65001)。
D:\vs_qt\MainWindow2.cpp(1,1): warning C4828: 文件包含在偏移 0x2b28 处开始的字符，该字符在当前源字符集中无效(代码页 65001)。
D:\vs_qt\MainWindow2.cpp(1,1): warning C4828: 文件包含在偏移 0x2b29 处开始的字符，该字符在当前源字符集中无效(代码页 65001)。
D:\vs_qt\MainWindow2.cpp(1,1): warning C4828: 文件包含在偏移 0x2b2a 处开始的字符，该字符在当前源字符集中无效(代码页 65001)。
D:\vs_qt\MainWindow2.cpp(1,1): warning C4828: 文件包含在偏移 0x2b47 处开始的字符，该字符在当前源字符集中无效(代码页 65001)。
D:\vs_qt\MainWindow2.cpp(1,1): warning C4828: 文件包含在偏移 0x2b48 处开始的字符，该字符在当前源字符集中无效(代码页 65001)。
D:\vs_qt\MainWindow2.cpp(1,1): warning C4828: 文件包含在偏移 0x2b49 处开始的字符，该字符在当前源字符集中无效(代码页 65001)。
D:\vs_qt\MainWindow2.cpp(1,1): warning C4828: 文件包含在偏移 0x2b66 处开始的字符，该字符在当前源字符集中无效(代码页 65001)。
D:\vs_qt\MainWindow2.cpp(1,1): warning C4828: 文件包含在偏移 0x2b67 处开始的字符，该字符在当前源字符集中无效(代码页 65001)。
D:\vs_qt\MainWindow2.cpp(1,1): warning C4828: 文件包含在偏移 0x2b68 处开始的字符，该字符在当前源字符集中无效(代码页 65001)。
D:\vs_qt\MainWindow2.cpp(1,1): warning C4828: 文件包含在偏移 0x2b69 处开始的字符，该字符在当前源字符集中无效(代码页 65001)。
D:\vs_qt\MainWindow2.cpp(1,1): warning C4828: 文件包含在偏移 0x2b86 处开始的字符，该字符在当前源字符集中无效(代码页 65001)。
D:\vs_qt\MainWindow2.cpp(1,1): warning C4828: 文件包含在偏移 0x2b87 处开始的字符，该字符在当前源字符集中无效(代码页 65001)。
D:\vs_qt\MainWindow2.cpp(1,1): warning C4828: 文件包含在偏移 0x2b8a 处开始的字符，该字符在当前源字符集中无效(代码页 65001)。
D:\vs_qt\MainWindow2.cpp(1,1): warning C4828: 文件包含在偏移 0x2b8c 处开始的字符，该字符在当前源字符集中无效(代码页 65001)。
D:\vs_qt\MainWindow2.cpp(1,1): warning C4828: 文件包含在偏移 0x2b8d 处开始的字符，该字符在当前源字符集中无效(代码页 65001)。
D:\vs_qt\MainWindow2.cpp(1,1): warning C4828: 文件包含在偏移 0x2baf 处开始的字符，该字符在当前源字符集中无效(代码页 65001)。
D:\vs_qt\MainWindow2.cpp(1,1): warning C4828: 文件包含在偏移 0x2bcf 处开始的字符，该字符在当前源字符集中无效(代码页 65001)。
D:\vs_qt\MainWindow2.cpp(1,1): warning C4828: 文件包含在偏移 0x2bd0 处开始的字符，该字符在当前源字符集中无效(代码页 65001)。
D:\vs_qt\MainWindow2.cpp(1,1): warning C4828: 文件包含在偏移 0x2bd1 处开始的字符，该字符在当前源字符集中无效(代码页 65001)。
D:\vs_qt\MainWindow2.cpp(1,1): warning C4828: 文件包含在偏移 0x2bef 处开始的字符，该字符在当前源字符集中无效(代码页 65001)。
D:\vs_qt\MainWindow2.cpp(1,1): warning C4828: 文件包含在偏移 0x2bf1 处开始的字符，该字符在当前源字符集中无效(代码页 65001)。
D:\vs_qt\MainWindow2.cpp(1,1): warning C4828: 文件包含在偏移 0x2bf3 处开始的字符，该字符在当前源字符集中无效(代码页 65001)。
D:\vs_qt\MainWindow2.cpp(1,1): warning C4828: 文件包含在偏移 0x2bf4 处开始的字符，该字符在当前源字符集中无效(代码页 65001)。
D:\vs_qt\MainWindow2.cpp(1,1): warning C4828: 文件包含在偏移 0x2c13 处开始的字符，该字符在当前源字符集中无效(代码页 65001)。
D:\vs_qt\MainWindow2.cpp(1,1): warning C4828: 文件包含在偏移 0x2c14 处开始的字符，该字符在当前源字符集中无效(代码页 65001)。
D:\vs_qt\MainWindow2.cpp(1,1): warning C4828: 文件包含在偏移 0x2c17 处开始的字符，该字符在当前源字符集中无效(代码页 65001)。
D:\vs_qt\MainWindow2.cpp(1,1): warning C4828: 文件包含在偏移 0x2c18 处开始的字符，该字符在当前源字符集中无效(代码页 65001)。
D:\vs_qt\MainWindow2.cpp(1,1): warning C4828: 文件包含在偏移 0x2c19 处开始的字符，该字符在当前源字符集中无效(代码页 65001)。
D:\vs_qt\MainWindow2.cpp(1,1): warning C4828: 文件包含在偏移 0x2c39 处开始的字符，该字符在当前源字符集中无效(代码页 65001)。
D:\vs_qt\MainWindow2.cpp(1,1): warning C4828: 文件包含在偏移 0x2c3b 处开始的字符，该字符在当前源字符集中无效(代码页 65001)。
D:\vs_qt\MainWindow2.cpp(1,1): warning C4828: 文件包含在偏移 0x2c3c 处开始的字符，该字符在当前源字符集中无效(代码页 65001)。
D:\vs_qt\MainWindow2.cpp(1,1): warning C4828: 文件包含在偏移 0x2c3f 处开始的字符，该字符在当前源字符集中无效(代码页 65001)。
D:\vs_qt\MainWindow2.cpp(1,1): warning C4828: 文件包含在偏移 0x2c62 处开始的字符，该字符在当前源字符集中无效(代码页 65001)。
D:\vs_qt\MainWindow2.cpp(1,1): warning C4828: 文件包含在偏移 0x2c64 处开始的字符，该字符在当前源字符集中无效(代码页 65001)。
D:\vs_qt\MainWindow2.cpp(1,1): warning C4828: 文件包含在偏移 0x2c65 处开始的字符，该字符在当前源字符集中无效(代码页 65001)。
D:\vs_qt\MainWindow2.cpp(1,1): warning C4828: 文件包含在偏移 0x2c68 处开始的字符，该字符在当前源字符集中无效(代码页 65001)。
D:\vs_qt\MainWindow2.cpp(1,1): warning C4828: 文件包含在偏移 0x2c69 处开始的字符，该字符在当前源字符集中无效(代码页 65001)。
D:\vs_qt\MainWindow2.cpp(1,1): warning C4828: 文件包含在偏移 0x2c8d 处开始的字符，该字符在当前源字符集中无效(代码页 65001)。
D:\vs_qt\MainWindow2.cpp(1,1): warning C4828: 文件包含在偏移 0x2c8e 处开始的字符，该字符在当前源字符集中无效(代码页 65001)。
D:\vs_qt\MainWindow2.cpp(1,1): warning C4828: 文件包含在偏移 0x2cad 处开始的字符，该字符在当前源字符集中无效(代码页 65001)。
D:\vs_qt\MainWindow2.cpp(1,1): warning C4828: 文件包含在偏移 0x2caf 处开始的字符，该字符在当前源字符集中无效(代码页 65001)。
D:\vs_qt\MainWindow2.cpp(1,1): warning C4828: 文件包含在偏移 0x2cb1 处开始的字符，该字符在当前源字符集中无效(代码页 65001)。
D:\vs_qt\MainWindow2.cpp(1,1): warning C4828: 文件包含在偏移 0x2cb3 处开始的字符，该字符在当前源字符集中无效(代码页 65001)。
D:\vs_qt\MainWindow2.cpp(1,1): warning C4828: 文件包含在偏移 0x2cb4 处开始的字符，该字符在当前源字符集中无效(代码页 65001)。
D:\vs_qt\MainWindow2.cpp(1,1): warning C4828: 文件包含在偏移 0x2cb6 处开始的字符，该字符在当前源字符集中无效(代码页 65001)。
D:\vs_qt\MainWindow2.cpp(1,1): warning C4828: 文件包含在偏移 0x2cd4 处开始的字符，该字符在当前源字符集中无效(代码页 65001)。
D:\vs_qt\MainWindow2.cpp(1,1): warning C4828: 文件包含在偏移 0x2cd6 处开始的字符，该字符在当前源字符集中无效(代码页 65001)。
D:\vs_qt\MainWindow2.cpp(1,1): warning C4828: 文件包含在偏移 0x2cd7 处开始的字符，该字符在当前源字符集中无效(代码页 65001)。
D:\vs_qt\MainWindow2.cpp(1,1): warning C4828: 文件包含在偏移 0x2cda 处开始的字符，该字符在当前源字符集中无效(代码页 65001)。
D:\vs_qt\MainWindow2.cpp(1,1): warning C4828: 文件包含在偏移 0x2cdc 处开始的字符，该字符在当前源字符集中无效(代码页 65001)。
D:\vs_qt\MainWindow2.cpp(1,1): warning C4828: 文件包含在偏移 0x2cdd 处开始的字符，该字符在当前源字符集中无效(代码页 65001)。
D:\vs_qt\MainWindow2.cpp(1,1): warning C4828: 文件包含在偏移 0x2cfd 处开始的字符，该字符在当前源字符集中无效(代码页 65001)。
D:\vs_qt\MainWindow2.cpp(1,1): warning C4828: 文件包含在偏移 0x2cff 处开始的字符，该字符在当前源字符集中无效(代码页 65001)。
D:\vs_qt\MainWindow2.cpp(1,1): warning C4828: 文件包含在偏移 0x2d00 处开始的字符，该字符在当前源字符集中无效(代码页 65001)。
D:\vs_qt\MainWindow2.cpp(1,1): warning C4828: 文件包含在偏移 0x2d03 处开始的字符，该字符在当前源字符集中无效(代码页 65001)。
D:\vs_qt\MainWindow2.cpp(1,1): warning C4828: 文件包含在偏移 0x2d04 处开始的字符，该字符在当前源字符集中无效(代码页 65001)。
D:\vs_qt\MainWindow2.cpp(1,1): warning C4828: 文件包含在偏移 0x2d28 处开始的字符，该字符在当前源字符集中无效(代码页 65001)。
D:\vs_qt\MainWindow2.cpp(1,1): warning C4828: 文件包含在偏移 0x2d29 处开始的字符，该字符在当前源字符集中无效(代码页 65001)。
D:\vs_qt\MainWindow2.cpp(1,1): warning C4828: 文件包含在偏移 0x2d2c 处开始的字符，该字符在当前源字符集中无效(代码页 65001)。
D:\vs_qt\MainWindow2.cpp(1,1): warning C4828: 文件包含在偏移 0x2d2d 处开始的字符，该字符在当前源字符集中无效(代码页 65001)。
D:\vs_qt\MainWindow2.cpp(1,1): warning C4828: 文件包含在偏移 0x2d48 处开始的字符，该字符在当前源字符集中无效(代码页 65001)。
D:\vs_qt\MainWindow2.cpp(1,1): warning C4828: 文件包含在偏移 0x2d4a 处开始的字符，该字符在当前源字符集中无效(代码页 65001)。
D:\vs_qt\MainWindow2.cpp(1,1): warning C4828: 文件包含在偏移 0x2d4c 处开始的字符，该字符在当前源字符集中无效(代码页 65001)。
D:\vs_qt\MainWindow2.cpp(1,1): warning C4828: 文件包含在偏移 0x2d4e 处开始的字符，该字符在当前源字符集中无效(代码页 65001)。
D:\vs_qt\MainWindow2.cpp(1,1): warning C4828: 文件包含在偏移 0x2d51 处开始的字符，该字符在当前源字符集中无效(代码页 65001)。
D:\vs_qt\MainWindow2.cpp(1,1): warning C4828: 文件包含在偏移 0x2d6f 处开始的字符，该字符在当前源字符集中无效(代码页 65001)。
D:\vs_qt\MainWindow2.cpp(1,1): warning C4828: 文件包含在偏移 0x2d71 处开始的字符，该字符在当前源字符集中无效(代码页 65001)。
D:\vs_qt\MainWindow2.cpp(1,1): warning C4828: 文件包含在偏移 0x2d72 处开始的字符，该字符在当前源字符集中无效(代码页 65001)。
D:\vs_qt\MainWindow2.cpp(1,1): warning C4828: 文件包含在偏移 0x2d75 处开始的字符，该字符在当前源字符集中无效(代码页 65001)。
D:\vs_qt\MainWindow2.cpp(1,1): warning C4828: 文件包含在偏移 0x2d77 处开始的字符，该字符在当前源字符集中无效(代码页 65001)。
D:\vs_qt\MainWindow2.cpp(1,1): warning C4828: 文件包含在偏移 0x2d98 处开始的字符，该字符在当前源字符集中无效(代码页 65001)。
D:\vs_qt\MainWindow2.cpp(1,1): warning C4828: 文件包含在偏移 0x2d9a 处开始的字符，该字符在当前源字符集中无效(代码页 65001)。
D:\vs_qt\MainWindow2.cpp(1,1): warning C4828: 文件包含在偏移 0x2d9b 处开始的字符，该字符在当前源字符集中无效(代码页 65001)。
D:\vs_qt\MainWindow2.cpp(1,1): warning C4828: 文件包含在偏移 0x2d9e 处开始的字符，该字符在当前源字符集中无效(代码页 65001)。
D:\vs_qt\MainWindow2.cpp(1,1): warning C4828: 文件包含在偏移 0x2d9f 处开始的字符，该字符在当前源字符集中无效(代码页 65001)。
D:\vs_qt\MainWindow2.cpp(1,1): warning C4828: 文件包含在偏移 0x2dc3 处开始的字符，该字符在当前源字符集中无效(代码页 65001)。
D:\vs_qt\MainWindow2.cpp(1,1): warning C4828: 文件包含在偏移 0x2dc4 处开始的字符，该字符在当前源字符集中无效(代码页 65001)。
D:\vs_qt\MainWindow2.cpp(1,1): warning C4828: 文件包含在偏移 0x2dc7 处开始的字符，该字符在当前源字符集中无效(代码页 65001)。
D:\vs_qt\MainWindow2.cpp(1,1): warning C4828: 文件包含在偏移 0x2de3 处开始的字符，该字符在当前源字符集中无效(代码页 65001)。
D:\vs_qt\MainWindow2.cpp(1,1): warning C4828: 文件包含在偏移 0x2de5 处开始的字符，该字符在当前源字符集中无效(代码页 65001)。
D:\vs_qt\MainWindow2.cpp(1,1): warning C4828: 文件包含在偏移 0x2de7 处开始的字符，该字符在当前源字符集中无效(代码页 65001)。
D:\vs_qt\MainWindow2.cpp(1,1): warning C4828: 文件包含在偏移 0x2de9 处开始的字符，该字符在当前源字符集中无效(代码页 65001)。
D:\vs_qt\MainWindow2.cpp(1,1): warning C4828: 文件包含在偏移 0x2dea 处开始的字符，该字符在当前源字符集中无效(代码页 65001)。
D:\vs_qt\MainWindow2.cpp(1,1): warning C4828: 文件包含在偏移 0x2dec 处开始的字符，该字符在当前源字符集中无效(代码页 65001)。
D:\vs_qt\MainWindow2.cpp(1,1): warning C4828: 文件包含在偏移 0x2e0a 处开始的字符，该字符在当前源字符集中无效(代码页 65001)。
D:\vs_qt\MainWindow2.cpp(1,1): warning C4828: 文件包含在偏移 0x2e0c 处开始的字符，该字符在当前源字符集中无效(代码页 65001)。
D:\vs_qt\MainWindow2.cpp(1,1): warning C4828: 文件包含在偏移 0x2e0d 处开始的字符，该字符在当前源字符集中无效(代码页 65001)。
D:\vs_qt\MainWindow2.cpp(1,1): warning C4828: 文件包含在偏移 0x2e10 处开始的字符，该字符在当前源字符集中无效(代码页 65001)。
D:\vs_qt\MainWindow2.cpp(1,1): warning C4828: 文件包含在偏移 0x2e12 处开始的字符，该字符在当前源字符集中无效(代码页 65001)。
D:\vs_qt\MainWindow2.cpp(1,1): warning C4828: 文件包含在偏移 0x2e33 处开始的字符，该字符在当前源字符集中无效(代码页 65001)。
D:\vs_qt\MainWindow2.cpp(1,1): warning C4828: 文件包含在偏移 0x2e35 处开始的字符，该字符在当前源字符集中无效(代码页 65001)。
D:\vs_qt\MainWindow2.cpp(1,1): warning C4828: 文件包含在偏移 0x2e36 处开始的字符，该字符在当前源字符集中无效(代码页 65001)。
D:\vs_qt\MainWindow2.cpp(1,1): warning C4828: 文件包含在偏移 0x2e39 处开始的字符，该字符在当前源字符集中无效(代码页 65001)。
D:\vs_qt\MainWindow2.cpp(1,1): warning C4828: 文件包含在偏移 0x2e3a 处开始的字符，该字符在当前源字符集中无效(代码页 65001)。
D:\vs_qt\MainWindow2.cpp(1,1): warning C4828: 文件包含在偏移 0x2e5e 处开始的字符，该字符在当前源字符集中无效(代码页 65001)。
D:\vs_qt\MainWindow2.cpp(1,1): warning C4828: 文件包含在偏移 0x2e5f 处开始的字符，该字符在当前源字符集中无效(代码页 65001)。
D:\vs_qt\MainWindow2.cpp(1,1): warning C4828: 文件包含在偏移 0x2e62 处开始的字符，该字符在当前源字符集中无效(代码页 65001)。
D:\vs_qt\MainWindow2.cpp(1,1): warning C4828: 文件包含在偏移 0x2e7e 处开始的字符，该字符在当前源字符集中无效(代码页 65001)。
D:\vs_qt\MainWindow2.cpp(1,1): warning C4828: 文件包含在偏移 0x2e80 处开始的字符，该字符在当前源字符集中无效(代码页 65001)。
D:\vs_qt\MainWindow2.cpp(1,1): warning C4828: 文件包含在偏移 0x2e82 处开始的字符，该字符在当前源字符集中无效(代码页 65001)。
D:\vs_qt\MainWindow2.cpp(1,1): warning C4828: 文件包含在偏移 0x2e84 处开始的字符，该字符在当前源字符集中无效(代码页 65001)。
D:\vs_qt\MainWindow2.cpp(1,1): warning C4828: 文件包含在偏移 0x2e85 处开始的字符，该字符在当前源字符集中无效(代码页 65001)。
D:\vs_qt\MainWindow2.cpp(1,1): warning C4828: 文件包含在偏移 0x2e87 处开始的字符，该字符在当前源字符集中无效(代码页 65001)。
D:\vs_qt\MainWindow2.cpp(1,1): warning C4828: 文件包含在偏移 0x2ea5 处开始的字符，该字符在当前源字符集中无效(代码页 65001)。
D:\vs_qt\MainWindow2.cpp(1,1): warning C4828: 文件包含在偏移 0x2ea7 处开始的字符，该字符在当前源字符集中无效(代码页 65001)。
D:\vs_qt\MainWindow2.cpp(1,1): warning C4828: 文件包含在偏移 0x2ea8 处开始的字符，该字符在当前源字符集中无效(代码页 65001)。
D:\vs_qt\MainWindow2.cpp(1,1): warning C4828: 文件包含在偏移 0x2eab 处开始的字符，该字符在当前源字符集中无效(代码页 65001)。
D:\vs_qt\MainWindow2.cpp(1,1): warning C4828: 文件包含在偏移 0x2ead 处开始的字符，该字符在当前源字符集中无效(代码页 65001)。
D:\vs_qt\MainWindow2.cpp(1,1): warning C4828: 文件包含在偏移 0x2ece 处开始的字符，该字符在当前源字符集中无效(代码页 65001)。
D:\vs_qt\MainWindow2.cpp(1,1): warning C4828: 文件包含在偏移 0x2ed0 处开始的字符，该字符在当前源字符集中无效(代码页 65001)。
D:\vs_qt\MainWindow2.cpp(1,1): warning C4828: 文件包含在偏移 0x2ed1 处开始的字符，该字符在当前源字符集中无效(代码页 65001)。
D:\vs_qt\MainWindow2.cpp(1,1): warning C4828: 文件包含在偏移 0x2ed4 处开始的字符，该字符在当前源字符集中无效(代码页 65001)。
D:\vs_qt\MainWindow2.cpp(1,1): warning C4828: 文件包含在偏移 0x2ed5 处开始的字符，该字符在当前源字符集中无效(代码页 65001)。
D:\vs_qt\MainWindow2.cpp(1,1): warning C4828: 文件包含在偏移 0x2ef9 处开始的字符，该字符在当前源字符集中无效(代码页 65001)。
D:\vs_qt\MainWindow2.cpp(1,1): warning C4828: 文件包含在偏移 0x2efa 处开始的字符，该字符在当前源字符集中无效(代码页 65001)。
D:\vs_qt\MainWindow2.cpp(1,1): warning C4828: 文件包含在偏移 0x2efd 处开始的字符，该字符在当前源字符集中无效(代码页 65001)。
D:\vs_qt\MainWindow2.cpp(1,1): warning C4828: 文件包含在偏移 0x2f19 处开始的字符，该字符在当前源字符集中无效(代码页 65001)。
D:\vs_qt\MainWindow2.cpp(1,1): warning C4828: 文件包含在偏移 0x2f1b 处开始的字符，该字符在当前源字符集中无效(代码页 65001)。
D:\vs_qt\MainWindow2.cpp(1,1): warning C4828: 文件包含在偏移 0x2f1d 处开始的字符，该字符在当前源字符集中无效(代码页 65001)。
D:\vs_qt\MainWindow2.cpp(1,1): warning C4828: 文件包含在偏移 0x2f1f 处开始的字符，该字符在当前源字符集中无效(代码页 65001)。
D:\vs_qt\MainWindow2.cpp(1,1): warning C4828: 文件包含在偏移 0x2f20 处开始的字符，该字符在当前源字符集中无效(代码页 65001)。
D:\vs_qt\MainWindow2.cpp(1,1): warning C4828: 文件包含在偏移 0x2f22 处开始的字符，该字符在当前源字符集中无效(代码页 65001)。
D:\vs_qt\MainWindow2.cpp(1,1): warning C4828: 文件包含在偏移 0x2f42 处开始的字符，该字符在当前源字符集中无效(代码页 65001)。
D:\vs_qt\MainWindow2.cpp(1,1): warning C4828: 文件包含在偏移 0x2f44 处开始的字符，该字符在当前源字符集中无效(代码页 65001)。
D:\vs_qt\MainWindow2.cpp(1,1): warning C4828: 文件包含在偏移 0x2f45 处开始的字符，该字符在当前源字符集中无效(代码页 65001)。
D:\vs_qt\MainWindow2.cpp(1,1): warning C4828: 文件包含在偏移 0x2f48 处开始的字符，该字符在当前源字符集中无效(代码页 65001)。
D:\vs_qt\MainWindow2.cpp(1,1): warning C4828: 文件包含在偏移 0x2f49 处开始的字符，该字符在当前源字符集中无效(代码页 65001)。
D:\vs_qt\MainWindow2.cpp(1,1): warning C4828: 文件包含在偏移 0x2f6c 处开始的字符，该字符在当前源字符集中无效(代码页 65001)。
D:\vs_qt\MainWindow2.cpp(1,1): warning C4828: 文件包含在偏移 0x2f6d 处开始的字符，该字符在当前源字符集中无效(代码页 65001)。
D:\vs_qt\MainWindow2.cpp(1,1): warning C4828: 文件包含在偏移 0x2f6e 处开始的字符，该字符在当前源字符集中无效(代码页 65001)。
D:\vs_qt\MainWindow2.cpp(1,1): warning C4828: 文件包含在偏移 0x2f6f 处开始的字符，该字符在当前源字符集中无效(代码页 65001)。
D:\vs_qt\MainWindow2.cpp(1,1): warning C4828: 文件包含在偏移 0x2f72 处开始的字符，该字符在当前源字符集中无效(代码页 65001)。
D:\vs_qt\MainWindow2.cpp(1,1): warning C4828: 文件包含在偏移 0x2f91 处开始的字符，该字符在当前源字符集中无效(代码页 65001)。
D:\vs_qt\MainWindow2.cpp(1,1): warning C4828: 文件包含在偏移 0x2f93 处开始的字符，该字符在当前源字符集中无效(代码页 65001)。
D:\vs_qt\MainWindow2.cpp(1,1): warning C4828: 文件包含在偏移 0x2f94 处开始的字符，该字符在当前源字符集中无效(代码页 65001)。
D:\vs_qt\MainWindow2.cpp(1,1): warning C4828: 文件包含在偏移 0x2fb7 处开始的字符，该字符在当前源字符集中无效(代码页 65001)。
D:\vs_qt\MainWindow2.cpp(1,1): warning C4828: 文件包含在偏移 0x2fb8 处开始的字符，该字符在当前源字符集中无效(代码页 65001)。
D:\vs_qt\MainWindow2.cpp(1,1): warning C4828: 文件包含在偏移 0x2fb9 处开始的字符，该字符在当前源字符集中无效(代码页 65001)。
D:\vs_qt\MainWindow2.cpp(1,1): warning C4828: 文件包含在偏移 0x2fba 处开始的字符，该字符在当前源字符集中无效(代码页 65001)。
D:\vs_qt\MainWindow2.cpp(1,1): warning C4828: 文件包含在偏移 0x2fbd 处开始的字符，该字符在当前源字符集中无效(代码页 65001)。
D:\vs_qt\MainWindow2.cpp(1,1): warning C4828: 文件包含在偏移 0x2fbe 处开始的字符，该字符在当前源字符集中无效(代码页 65001)。
D:\vs_qt\MainWindow2.cpp(1,1): warning C4828: 文件包含在偏移 0x2fde 处开始的字符，该字符在当前源字符集中无效(代码页 65001)。
D:\vs_qt\MainWindow2.cpp(1,1): warning C4828: 文件包含在偏移 0x2fdf 处开始的字符，该字符在当前源字符集中无效(代码页 65001)。
D:\vs_qt\MainWindow2.cpp(1,1): warning C4828: 文件包含在偏移 0x2fe0 处开始的字符，该字符在当前源字符集中无效(代码页 65001)。
D:\vs_qt\MainWindow2.cpp(1,1): warning C4828: 文件包含在偏移 0x2fe1 处开始的字符，该字符在当前源字符集中无效(代码页 65001)。
D:\vs_qt\MainWindow2.cpp(1,1): warning C4828: 文件包含在偏移 0x2fe4 处开始的字符，该字符在当前源字符集中无效(代码页 65001)。
D:\vs_qt\MainWindow2.cpp(1,1): warning C4828: 文件包含在偏移 0x2fe6 处开始的字符，该字符在当前源字符集中无效(代码页 65001)。
D:\vs_qt\MainWindow2.cpp(1,1): warning C4828: 文件包含在偏移 0x2fe7 处开始的字符，该字符在当前源字符集中无效(代码页 65001)。
D:\vs_qt\MainWindow2.cpp(1,1): warning C4828: 文件包含在偏移 0x3003 处开始的字符，该字符在当前源字符集中无效(代码页 65001)。
D:\vs_qt\MainWindow2.cpp(1,1): warning C4828: 文件包含在偏移 0x3005 处开始的字符，该字符在当前源字符集中无效(代码页 65001)。
D:\vs_qt\MainWindow2.cpp(1,1): warning C4828: 文件包含在偏移 0x3006 处开始的字符，该字符在当前源字符集中无效(代码页 65001)。
D:\vs_qt\MainWindow2.cpp(1,1): warning C4828: 文件包含在偏移 0x3009 处开始的字符，该字符在当前源字符集中无效(代码页 65001)。
D:\vs_qt\MainWindow2.cpp(1,1): warning C4828: 文件包含在偏移 0x300a 处开始的字符，该字符在当前源字符集中无效(代码页 65001)。
D:\vs_qt\MainWindow2.cpp(1,1): warning C4828: 文件包含在偏移 0x3029 处开始的字符，该字符在当前源字符集中无效(代码页 65001)。
D:\vs_qt\MainWindow2.cpp(1,1): warning C4828: 文件包含在偏移 0x302a 处开始的字符，该字符在当前源字符集中无效(代码页 65001)。
D:\vs_qt\MainWindow2.cpp(1,1): warning C4828: 文件包含在偏移 0x302b 处开始的字符，该字符在当前源字符集中无效(代码页 65001)。
D:\vs_qt\MainWindow2.cpp(1,1): warning C4828: 文件包含在偏移 0x302c 处开始的字符，该字符在当前源字符集中无效(代码页 65001)。
D:\vs_qt\MainWindow2.cpp(1,1): warning C4828: 文件包含在偏移 0x302f 处开始的字符，该字符在当前源字符集中无效(代码页 65001)。
D:\vs_qt\MainWindow2.cpp(1,1): warning C4828: 文件包含在偏移 0x3030 处开始的字符，该字符在当前源字符集中无效(代码页 65001)。
D:\vs_qt\MainWindow2.cpp(1,1): warning C4828: 文件包含在偏移 0x3050 处开始的字符，该字符在当前源字符集中无效(代码页 65001)。
D:\vs_qt\MainWindow2.cpp(1,1): warning C4828: 文件包含在偏移 0x3051 处开始的字符，该字符在当前源字符集中无效(代码页 65001)。
D:\vs_qt\MainWindow2.cpp(1,1): warning C4828: 文件包含在偏移 0x3052 处开始的字符，该字符在当前源字符集中无效(代码页 65001)。
D:\vs_qt\MainWindow2.cpp(1,1): warning C4828: 文件包含在偏移 0x3053 处开始的字符，该字符在当前源字符集中无效(代码页 65001)。
D:\vs_qt\MainWindow2.cpp(1,1): warning C4828: 文件包含在偏移 0x3056 处开始的字符，该字符在当前源字符集中无效(代码页 65001)。
D:\vs_qt\MainWindow2.cpp(1,1): warning C4828: 文件包含在偏移 0x3058 处开始的字符，该字符在当前源字符集中无效(代码页 65001)。
D:\vs_qt\MainWindow2.cpp(1,1): warning C4828: 文件包含在偏移 0x3075 处开始的字符，该字符在当前源字符集中无效(代码页 65001)。
D:\vs_qt\MainWindow2.cpp(1,1): warning C4828: 文件包含在偏移 0x3077 处开始的字符，该字符在当前源字符集中无效(代码页 65001)。
D:\vs_qt\MainWindow2.cpp(1,1): warning C4828: 文件包含在偏移 0x3078 处开始的字符，该字符在当前源字符集中无效(代码页 65001)。
D:\vs_qt\MainWindow2.cpp(1,1): warning C4828: 文件包含在偏移 0x307b 处开始的字符，该字符在当前源字符集中无效(代码页 65001)。
D:\vs_qt\MainWindow2.cpp(1,1): warning C4828: 文件包含在偏移 0x309b 处开始的字符，该字符在当前源字符集中无效(代码页 65001)。
D:\vs_qt\MainWindow2.cpp(1,1): warning C4828: 文件包含在偏移 0x309c 处开始的字符，该字符在当前源字符集中无效(代码页 65001)。
D:\vs_qt\MainWindow2.cpp(1,1): warning C4828: 文件包含在偏移 0x309d 处开始的字符，该字符在当前源字符集中无效(代码页 65001)。
D:\vs_qt\MainWindow2.cpp(1,1): warning C4828: 文件包含在偏移 0x309e 处开始的字符，该字符在当前源字符集中无效(代码页 65001)。
D:\vs_qt\MainWindow2.cpp(1,1): warning C4828: 文件包含在偏移 0x30a1 处开始的字符，该字符在当前源字符集中无效(代码页 65001)。
D:\vs_qt\MainWindow2.cpp(1,1): warning C4828: 文件包含在偏移 0x30a2 处开始的字符，该字符在当前源字符集中无效(代码页 65001)。
D:\vs_qt\MainWindow2.cpp(1,1): warning C4828: 文件包含在偏移 0x30c2 处开始的字符，该字符在当前源字符集中无效(代码页 65001)。
D:\vs_qt\MainWindow2.cpp(1,1): warning C4828: 文件包含在偏移 0x30c3 处开始的字符，该字符在当前源字符集中无效(代码页 65001)。
D:\vs_qt\MainWindow2.cpp(1,1): warning C4828: 文件包含在偏移 0x30c4 处开始的字符，该字符在当前源字符集中无效(代码页 65001)。
D:\vs_qt\MainWindow2.cpp(1,1): warning C4828: 文件包含在偏移 0x30c5 处开始的字符，该字符在当前源字符集中无效(代码页 65001)。
D:\vs_qt\MainWindow2.cpp(1,1): warning C4828: 文件包含在偏移 0x30c8 处开始的字符，该字符在当前源字符集中无效(代码页 65001)。
D:\vs_qt\MainWindow2.cpp(1,1): warning C4828: 文件包含在偏移 0x30ca 处开始的字符，该字符在当前源字符集中无效(代码页 65001)。
D:\vs_qt\MainWindow2.cpp(1,1): warning C4828: 文件包含在偏移 0x30e7 处开始的字符，该字符在当前源字符集中无效(代码页 65001)。
D:\vs_qt\MainWindow2.cpp(1,1): warning C4828: 文件包含在偏移 0x30e9 处开始的字符，该字符在当前源字符集中无效(代码页 65001)。
D:\vs_qt\MainWindow2.cpp(1,1): warning C4828: 文件包含在偏移 0x30ea 处开始的字符，该字符在当前源字符集中无效(代码页 65001)。
D:\vs_qt\MainWindow2.cpp(1,1): warning C4828: 文件包含在偏移 0x30ed 处开始的字符，该字符在当前源字符集中无效(代码页 65001)。
D:\vs_qt\MainWindow2.cpp(1,1): warning C4828: 文件包含在偏移 0x310d 处开始的字符，该字符在当前源字符集中无效(代码页 65001)。
D:\vs_qt\MainWindow2.cpp(1,1): warning C4828: 文件包含在偏移 0x310e 处开始的字符，该字符在当前源字符集中无效(代码页 65001)。
D:\vs_qt\MainWindow2.cpp(1,1): warning C4828: 文件包含在偏移 0x310f 处开始的字符，该字符在当前源字符集中无效(代码页 65001)。
D:\vs_qt\MainWindow2.cpp(1,1): warning C4828: 文件包含在偏移 0x3110 处开始的字符，该字符在当前源字符集中无效(代码页 65001)。
D:\vs_qt\MainWindow2.cpp(1,1): warning C4828: 文件包含在偏移 0x3113 处开始的字符，该字符在当前源字符集中无效(代码页 65001)。
D:\vs_qt\MainWindow2.cpp(1,1): warning C4828: 文件包含在偏移 0x3114 处开始的字符，该字符在当前源字符集中无效(代码页 65001)。
D:\vs_qt\MainWindow2.cpp(1,1): warning C4828: 文件包含在偏移 0x3134 处开始的字符，该字符在当前源字符集中无效(代码页 65001)。
D:\vs_qt\MainWindow2.cpp(1,1): warning C4828: 文件包含在偏移 0x3135 处开始的字符，该字符在当前源字符集中无效(代码页 65001)。
D:\vs_qt\MainWindow2.cpp(1,1): warning C4828: 文件包含在偏移 0x3136 处开始的字符，该字符在当前源字符集中无效(代码页 65001)。
D:\vs_qt\MainWindow2.cpp(1,1): warning C4828: 文件包含在偏移 0x3137 处开始的字符，该字符在当前源字符集中无效(代码页 65001)。
D:\vs_qt\MainWindow2.cpp(1,1): warning C4828: 文件包含在偏移 0x313a 处开始的字符，该字符在当前源字符集中无效(代码页 65001)。
D:\vs_qt\MainWindow2.cpp(1,1): warning C4828: 文件包含在偏移 0x313c 处开始的字符，该字符在当前源字符集中无效(代码页 65001)。
D:\vs_qt\MainWindow2.cpp(1,1): warning C4828: 文件包含在偏移 0x3159 处开始的字符，该字符在当前源字符集中无效(代码页 65001)。
D:\vs_qt\MainWindow2.cpp(1,1): warning C4828: 文件包含在偏移 0x315b 处开始的字符，该字符在当前源字符集中无效(代码页 65001)。
D:\vs_qt\MainWindow2.cpp(1,1): warning C4828: 文件包含在偏移 0x315c 处开始的字符，该字符在当前源字符集中无效(代码页 65001)。
D:\vs_qt\MainWindow2.cpp(1,1): warning C4828: 文件包含在偏移 0x315f 处开始的字符，该字符在当前源字符集中无效(代码页 65001)。
D:\vs_qt\MainWindow2.cpp(1,1): warning C4828: 文件包含在偏移 0x317f 处开始的字符，该字符在当前源字符集中无效(代码页 65001)。
D:\vs_qt\MainWindow2.cpp(1,1): warning C4828: 文件包含在偏移 0x3180 处开始的字符，该字符在当前源字符集中无效(代码页 65001)。
D:\vs_qt\MainWindow2.cpp(1,1): warning C4828: 文件包含在偏移 0x3181 处开始的字符，该字符在当前源字符集中无效(代码页 65001)。
D:\vs_qt\MainWindow2.cpp(1,1): warning C4828: 文件包含在偏移 0x3182 处开始的字符，该字符在当前源字符集中无效(代码页 65001)。
D:\vs_qt\MainWindow2.cpp(1,1): warning C4828: 文件包含在偏移 0x3185 处开始的字符，该字符在当前源字符集中无效(代码页 65001)。
D:\vs_qt\MainWindow2.cpp(1,1): warning C4828: 文件包含在偏移 0x3186 处开始的字符，该字符在当前源字符集中无效(代码页 65001)。
D:\vs_qt\MainWindow2.cpp(1,1): warning C4828: 文件包含在偏移 0x31a6 处开始的字符，该字符在当前源字符集中无效(代码页 65001)。
D:\vs_qt\MainWindow2.cpp(1,1): warning C4828: 文件包含在偏移 0x31a7 处开始的字符，该字符在当前源字符集中无效(代码页 65001)。
D:\vs_qt\MainWindow2.cpp(1,1): warning C4828: 文件包含在偏移 0x31a8 处开始的字符，该字符在当前源字符集中无效(代码页 65001)。
D:\vs_qt\MainWindow2.cpp(1,1): warning C4828: 文件包含在偏移 0x31a9 处开始的字符，该字符在当前源字符集中无效(代码页 65001)。
D:\vs_qt\MainWindow2.cpp(1,1): warning C4828: 文件包含在偏移 0x31ac 处开始的字符，该字符在当前源字符集中无效(代码页 65001)。
D:\vs_qt\MainWindow2.cpp(1,1): warning C4828: 文件包含在偏移 0x31ae 处开始的字符，该字符在当前源字符集中无效(代码页 65001)。
D:\vs_qt\MainWindow2.cpp(1,1): warning C4828: 文件包含在偏移 0x31af 处开始的字符，该字符在当前源字符集中无效(代码页 65001)。
D:\vs_qt\MainWindow2.cpp(1,1): warning C4828: 文件包含在偏移 0x31cb 处开始的字符，该字符在当前源字符集中无效(代码页 65001)。
D:\vs_qt\MainWindow2.cpp(1,1): warning C4828: 文件包含在偏移 0x31cd 处开始的字符，该字符在当前源字符集中无效(代码页 65001)。
D:\vs_qt\MainWindow2.cpp(1,1): warning C4828: 文件包含在偏移 0x31ce 处开始的字符，该字符在当前源字符集中无效(代码页 65001)。
D:\vs_qt\MainWindow2.cpp(1,1): warning C4828: 文件包含在偏移 0x31d1 处开始的字符，该字符在当前源字符集中无效(代码页 65001)。
D:\vs_qt\MainWindow2.cpp(1,1): warning C4828: 文件包含在偏移 0x31d2 处开始的字符，该字符在当前源字符集中无效(代码页 65001)。
D:\vs_qt\MainWindow2.cpp(1,1): warning C4828: 文件包含在偏移 0x31f1 处开始的字符，该字符在当前源字符集中无效(代码页 65001)。
D:\vs_qt\MainWindow2.cpp(1,1): warning C4828: 文件包含在偏移 0x31f2 处开始的字符，该字符在当前源字符集中无效(代码页 65001)。
D:\vs_qt\MainWindow2.cpp(1,1): warning C4828: 文件包含在偏移 0x31f3 处开始的字符，该字符在当前源字符集中无效(代码页 65001)。
D:\vs_qt\MainWindow2.cpp(1,1): warning C4828: 文件包含在偏移 0x31f4 处开始的字符，该字符在当前源字符集中无效(代码页 65001)。
D:\vs_qt\MainWindow2.cpp(1,1): warning C4828: 文件包含在偏移 0x31f7 处开始的字符，该字符在当前源字符集中无效(代码页 65001)。
D:\vs_qt\MainWindow2.cpp(1,1): warning C4828: 文件包含在偏移 0x31f8 处开始的字符，该字符在当前源字符集中无效(代码页 65001)。
D:\vs_qt\MainWindow2.cpp(1,1): warning C4828: 文件包含在偏移 0x3218 处开始的字符，该字符在当前源字符集中无效(代码页 65001)。
D:\vs_qt\MainWindow2.cpp(1,1): warning C4828: 文件包含在偏移 0x3219 处开始的字符，该字符在当前源字符集中无效(代码页 65001)。
D:\vs_qt\MainWindow2.cpp(1,1): warning C4828: 文件包含在偏移 0x321c 处开始的字符，该字符在当前源字符集中无效(代码页 65001)。
D:\vs_qt\MainWindow2.cpp(1,1): warning C4828: 文件包含在偏移 0x321e 处开始的字符，该字符在当前源字符集中无效(代码页 65001)。
D:\vs_qt\MainWindow2.cpp(1,1): warning C4828: 文件包含在偏移 0x323e 处开始的字符，该字符在当前源字符集中无效(代码页 65001)。
D:\vs_qt\MainWindow2.cpp(1,1): warning C4828: 文件包含在偏移 0x323f 处开始的字符，该字符在当前源字符集中无效(代码页 65001)。
D:\vs_qt\MainWindow2.cpp(1,1): warning C4828: 文件包含在偏移 0x3242 处开始的字符，该字符在当前源字符集中无效(代码页 65001)。
D:\vs_qt\MainWindow2.cpp(1,1): warning C4828: 文件包含在偏移 0x3243 处开始的字符，该字符在当前源字符集中无效(代码页 65001)。
D:\vs_qt\MainWindow2.cpp(1,1): warning C4828: 文件包含在偏移 0x3268 处开始的字符，该字符在当前源字符集中无效(代码页 65001)。
D:\vs_qt\MainWindow2.cpp(1,1): warning C4828: 文件包含在偏移 0x3269 处开始的字符，该字符在当前源字符集中无效(代码页 65001)。
D:\vs_qt\MainWindow2.cpp(1,1): warning C4828: 文件包含在偏移 0x326a 处开始的字符，该字符在当前源字符集中无效(代码页 65001)。
D:\vs_qt\MainWindow2.cpp(1,1): warning C4828: 文件包含在偏移 0x326b 处开始的字符，该字符在当前源字符集中无效(代码页 65001)。
D:\vs_qt\MainWindow2.cpp(1,1): warning C4828: 文件包含在偏移 0x3290 处开始的字符，该字符在当前源字符集中无效(代码页 65001)。
D:\vs_qt\MainWindow2.cpp(1,1): warning C4828: 文件包含在偏移 0x3291 处开始的字符，该字符在当前源字符集中无效(代码页 65001)。
D:\vs_qt\Insert.h(4,10): fatal  error C1083: 无法打开包括文件: “QTcpSocket”: No such file or directory (编译源文件 Insert.cpp)
D:\vs_qt\signin.h(4,10): fatal  error C1083: 无法打开包括文件: “QTcpSocket”: No such file or directory (编译源文件 SignIn.cpp)
D:\vs_qt\Query.h(4,10): fatal  error C1083: 无法打开包括文件: “QTcpSocket”: No such file or directory (编译源文件 Query.cpp)
D:\vs_qt\MainWindow1.h(5,10): fatal  error C1083: 无法打开包括文件: “QTcpSocket”: No such file or directory (编译源文件 main.cpp)
D:\vs_qt\MainWindow1.h(5,10): fatal  error C1083: 无法打开包括文件: “QTcpSocket”: No such file or directory (编译源文件 MainWindow1.cpp)
D:\vs_qt\MainWindow1.h(5,10): fatal  error C1083: 无法打开包括文件: “QTcpSocket”: No such file or directory (编译源文件 SceneLoader.cpp)
D:\vs_qt\MainWindow4.h(6,10): fatal  error C1083: 无法打开包括文件: “QTcpSocket”: No such file or directory (编译源文件 MainWindow4.cpp)
D:\vs_qt\MainWindow3.h(6,10): fatal  error C1083: 无法打开包括文件: “QTcpSocket”: No such file or directory (编译源文件 MainWindow3.cpp)
D:\vs_qt\MainWindow2.h(7,10): fatal  error C1083: 无法打开包括文件: “QTcpSocket”: No such file or directory (编译源文件 MainWindow2.cpp)
